2018-04-16 14:05:10.360 [restartedMain] INFO  cn.edu.nju.software.MainApplication 48 - Starting MainApplication on HermitdeMacbook-Air.local with PID 1292 (/Users/Hermit/Desktop/GitProjects/AiPlatform/FacadePlatform/target/classes started by Hermit in /Users/Hermit/Desktop/GitProjects/AiPlatform/FacadePlatform)
2018-04-16 14:05:10.369 [restartedMain] DEBUG cn.edu.nju.software.MainApplication 51 - Running with Spring Boot v1.5.8.RELEASE, Spring v4.3.12.RELEASE
2018-04-16 14:05:10.370 [restartedMain] INFO  cn.edu.nju.software.MainApplication 597 - The following profiles are active: dev
2018-04-16 14:05:11.090 [background-preinit] INFO  org.hibernate.validator.internal.util.Version 30 - HV000001: Hibernate Validator 5.3.5.Final
2018-04-16 14:05:11.325 [restartedMain] INFO  o.s.b.c.e.AnnotationConfigEmbeddedWebApplicationContext 583 - Refreshing org.springframework.boot.context.embedded.AnnotationConfigEmbeddedWebApplicationContext@3b507315: startup date [Mon Apr 16 14:05:11 CST 2018]; root of context hierarchy
2018-04-16 14:05:13.257 [restartedMain] WARN  tk.mybatis.spring.mapper.ClassPathMapperScanner 225 - Skipping MapperFactoryBean with name 'userMapper' and 'cn.edu.nju.software.mapper.UserMapper' mapperInterface. Bean already defined with the same name!
2018-04-16 14:05:13.258 [restartedMain] WARN  tk.mybatis.spring.mapper.ClassPathMapperScanner 142 - No MyBatis mapper was found in '[cn.edu.nju.software]' package. Please check your configuration.
2018-04-16 14:05:14.061 [restartedMain] INFO  o.s.c.s.PostProcessorRegistrationDelegate$BeanPostProcessorChecker 327 - Bean 'org.springframework.transaction.annotation.ProxyTransactionManagementConfiguration' of type [org.springframework.transaction.annotation.ProxyTransactionManagementConfiguration$$EnhancerBySpringCGLIB$$edf695fd] is not eligible for getting processed by all BeanPostProcessors (for example: not eligible for auto-proxying)
2018-04-16 14:05:14.621 [restartedMain] INFO  o.s.c.s.PostProcessorRegistrationDelegate$BeanPostProcessorChecker 327 - Bean 'shiroConfig' of type [cn.edu.nju.software.common.shiro.ShiroConfig$$EnhancerBySpringCGLIB$$99ef0d4c] is not eligible for getting processed by all BeanPostProcessors (for example: not eligible for auto-proxying)
2018-04-16 14:05:15.862 [restartedMain] INFO  o.s.c.s.PostProcessorRegistrationDelegate$BeanPostProcessorChecker 327 - Bean 'mybatis-tk.mybatis.mapper.autoconfigure.MybatisProperties' of type [tk.mybatis.mapper.autoconfigure.MybatisProperties] is not eligible for getting processed by all BeanPostProcessors (for example: not eligible for auto-proxying)
2018-04-16 14:05:15.889 [restartedMain] INFO  o.s.c.s.PostProcessorRegistrationDelegate$BeanPostProcessorChecker 327 - Bean 'tk.mybatis.mapper.autoconfigure.MapperAutoConfiguration' of type [tk.mybatis.mapper.autoconfigure.MapperAutoConfiguration$$EnhancerBySpringCGLIB$$a3e73d96] is not eligible for getting processed by all BeanPostProcessors (for example: not eligible for auto-proxying)
2018-04-16 14:05:15.959 [restartedMain] INFO  o.s.c.s.PostProcessorRegistrationDelegate$BeanPostProcessorChecker 327 - Bean 'mainApplication' of type [cn.edu.nju.software.MainApplication$$EnhancerBySpringCGLIB$$81566342] is not eligible for getting processed by all BeanPostProcessors (for example: not eligible for auto-proxying)
2018-04-16 14:05:16.915 [restartedMain] INFO  o.s.c.s.PostProcessorRegistrationDelegate$BeanPostProcessorChecker 327 - Bean 'datasource' of type [com.alibaba.druid.pool.DruidDataSource] is not eligible for getting processed by all BeanPostProcessors (for example: not eligible for auto-proxying)
2018-04-16 14:05:17.097 [restartedMain] INFO  o.s.c.s.PostProcessorRegistrationDelegate$BeanPostProcessorChecker 327 - Bean 'org.springframework.boot.autoconfigure.jdbc.DataSourceAutoConfiguration' of type [org.springframework.boot.autoconfigure.jdbc.DataSourceAutoConfiguration$$EnhancerBySpringCGLIB$$cfea395d] is not eligible for getting processed by all BeanPostProcessors (for example: not eligible for auto-proxying)
2018-04-16 14:05:17.150 [restartedMain] INFO  o.s.c.s.PostProcessorRegistrationDelegate$BeanPostProcessorChecker 327 - Bean 'spring.datasource-org.springframework.boot.autoconfigure.jdbc.DataSourceProperties' of type [org.springframework.boot.autoconfigure.jdbc.DataSourceProperties] is not eligible for getting processed by all BeanPostProcessors (for example: not eligible for auto-proxying)
2018-04-16 14:05:17.193 [restartedMain] INFO  o.s.c.s.PostProcessorRegistrationDelegate$BeanPostProcessorChecker 327 - Bean 'dataSourceInitializer' of type [org.springframework.boot.autoconfigure.jdbc.DataSourceInitializer] is not eligible for getting processed by all BeanPostProcessors (for example: not eligible for auto-proxying)
2018-04-16 14:05:17.473 [restartedMain] INFO  o.s.c.s.PostProcessorRegistrationDelegate$BeanPostProcessorChecker 327 - Bean 'sqlSessionFactory' of type [org.apache.ibatis.session.defaults.DefaultSqlSessionFactory] is not eligible for getting processed by all BeanPostProcessors (for example: not eligible for auto-proxying)
2018-04-16 14:05:17.517 [restartedMain] INFO  o.s.c.s.PostProcessorRegistrationDelegate$BeanPostProcessorChecker 327 - Bean 'sqlSessionTemplate' of type [org.mybatis.spring.SqlSessionTemplate] is not eligible for getting processed by all BeanPostProcessors (for example: not eligible for auto-proxying)
2018-04-16 14:05:18.207 [restartedMain] INFO  o.s.c.s.PostProcessorRegistrationDelegate$BeanPostProcessorChecker 327 - Bean 'userMapper' of type [tk.mybatis.spring.mapper.MapperFactoryBean] is not eligible for getting processed by all BeanPostProcessors (for example: not eligible for auto-proxying)
2018-04-16 14:05:18.219 [restartedMain] INFO  o.s.c.s.PostProcessorRegistrationDelegate$BeanPostProcessorChecker 327 - Bean 'userMapper' of type [com.sun.proxy.$Proxy86] is not eligible for getting processed by all BeanPostProcessors (for example: not eligible for auto-proxying)
2018-04-16 14:05:18.285 [restartedMain] INFO  o.s.c.s.PostProcessorRegistrationDelegate$BeanPostProcessorChecker 327 - Bean 'accountService' of type [cn.edu.nju.software.service.AccountService] is not eligible for getting processed by all BeanPostProcessors (for example: not eligible for auto-proxying)
2018-04-16 14:05:18.291 [restartedMain] INFO  o.s.c.s.PostProcessorRegistrationDelegate$BeanPostProcessorChecker 327 - Bean 'authRealm' of type [cn.edu.nju.software.common.shiro.MyShiroRealm] is not eligible for getting processed by all BeanPostProcessors (for example: not eligible for auto-proxying)
2018-04-16 14:05:18.343 [restartedMain] INFO  o.s.c.s.PostProcessorRegistrationDelegate$BeanPostProcessorChecker 327 - Bean 'securityManager' of type [org.apache.shiro.web.mgt.DefaultWebSecurityManager] is not eligible for getting processed by all BeanPostProcessors (for example: not eligible for auto-proxying)
2018-04-16 14:05:19.432 [restartedMain] INFO  o.s.b.c.e.tomcat.TomcatEmbeddedServletContainer 89 - Tomcat initialized with port(s): 8080 (http)
2018-04-16 14:05:19.483 [restartedMain] INFO  org.apache.catalina.core.StandardService 179 - Starting service [Tomcat]
2018-04-16 14:05:19.487 [restartedMain] INFO  org.apache.catalina.core.StandardEngine 179 - Starting Servlet Engine: Apache Tomcat/8.5.23
2018-04-16 14:05:19.700 [localhost-startStop-1] INFO  o.a.c.core.ContainerBase.[Tomcat].[localhost].[/] 179 - Initializing Spring embedded WebApplicationContext
2018-04-16 14:05:19.701 [localhost-startStop-1] INFO  org.springframework.web.context.ContextLoader 276 - Root WebApplicationContext: initialization completed in 8376 ms
2018-04-16 14:05:20.188 [localhost-startStop-1] INFO  o.s.boot.web.servlet.ServletRegistrationBean 190 - Mapping servlet: 'statViewServlet' to [/druid/*]
2018-04-16 14:05:20.197 [localhost-startStop-1] INFO  o.s.boot.web.servlet.ServletRegistrationBean 190 - Mapping servlet: 'dispatcherServlet' to [/]
2018-04-16 14:05:20.209 [localhost-startStop-1] INFO  o.s.boot.web.servlet.FilterRegistrationBean 258 - Mapping filter: 'characterEncodingFilter' to: [/*]
2018-04-16 14:05:20.211 [localhost-startStop-1] INFO  o.s.boot.web.servlet.FilterRegistrationBean 258 - Mapping filter: 'hiddenHttpMethodFilter' to: [/*]
2018-04-16 14:05:20.212 [localhost-startStop-1] INFO  o.s.boot.web.servlet.FilterRegistrationBean 258 - Mapping filter: 'httpPutFormContentFilter' to: [/*]
2018-04-16 14:05:20.213 [localhost-startStop-1] INFO  o.s.boot.web.servlet.FilterRegistrationBean 258 - Mapping filter: 'requestContextFilter' to: [/*]
2018-04-16 14:05:20.214 [localhost-startStop-1] INFO  o.s.boot.web.servlet.FilterRegistrationBean 271 - Mapping filter: 'webStatFilter' to urls: [/*]
2018-04-16 14:05:20.214 [localhost-startStop-1] INFO  o.s.boot.web.servlet.FilterRegistrationBean 258 - Mapping filter: 'shiroFilter' to: [/*]
2018-04-16 14:05:21.342 [restartedMain] INFO  o.s.w.s.m.m.a.RequestMappingHandlerAdapter 534 - Looking for @ControllerAdvice: org.springframework.boot.context.embedded.AnnotationConfigEmbeddedWebApplicationContext@3b507315: startup date [Mon Apr 16 14:05:11 CST 2018]; root of context hierarchy
2018-04-16 14:05:21.551 [restartedMain] INFO  o.s.w.s.m.m.a.RequestMappingHandlerMapping 543 - Mapped "{[/currentUser],methods=[GET]}" onto public cn.edu.nju.software.common.result.Result cn.edu.nju.software.controller.AccountController.currentUser()
2018-04-16 14:05:21.556 [restartedMain] INFO  o.s.w.s.m.m.a.RequestMappingHandlerMapping 543 - Mapped "{[/upload/video],methods=[POST]}" onto public cn.edu.nju.software.common.result.Result cn.edu.nju.software.controller.FileUploadController.uploadVideo(org.springframework.web.multipart.MultipartFile,javax.servlet.http.HttpServletRequest)
2018-04-16 14:05:21.557 [restartedMain] INFO  o.s.w.s.m.m.a.RequestMappingHandlerMapping 543 - Mapped "{[/upload/image/content],methods=[POST]}" onto public cn.edu.nju.software.common.result.Result cn.edu.nju.software.controller.FileUploadController.uploadContentImage(org.springframework.web.multipart.MultipartFile,javax.servlet.http.HttpServletRequest)
2018-04-16 14:05:21.558 [restartedMain] INFO  o.s.w.s.m.m.a.RequestMappingHandlerMapping 543 - Mapped "{[/upload/image/style],methods=[POST]}" onto public cn.edu.nju.software.common.result.Result cn.edu.nju.software.controller.FileUploadController.uploadStyleImage(org.springframework.web.multipart.MultipartFile,javax.servlet.http.HttpServletRequest)
2018-04-16 14:05:21.559 [restartedMain] INFO  o.s.w.s.m.m.a.RequestMappingHandlerMapping 543 - Mapped "{[/],methods=[GET]}" onto public java.lang.String cn.edu.nju.software.controller.HomePageController.toHome()
2018-04-16 14:05:21.562 [restartedMain] INFO  o.s.w.s.m.m.a.RequestMappingHandlerMapping 543 - Mapped "{[/logout],methods=[POST]}" onto public cn.edu.nju.software.common.result.Result cn.edu.nju.software.controller.LoginController.logout()
2018-04-16 14:05:21.563 [restartedMain] INFO  o.s.w.s.m.m.a.RequestMappingHandlerMapping 543 - Mapped "{[/login],methods=[POST],consumes=[application/json]}" onto public cn.edu.nju.software.common.result.Result cn.edu.nju.software.controller.LoginController.login(cn.edu.nju.software.command.LoginCommand)
2018-04-16 14:05:21.564 [restartedMain] INFO  o.s.w.s.m.m.a.RequestMappingHandlerMapping 543 - Mapped "{[/login],methods=[GET]}" onto public java.lang.String cn.edu.nju.software.controller.LoginPageController.toLogin()
2018-04-16 14:05:21.566 [restartedMain] INFO  o.s.w.s.m.m.a.RequestMappingHandlerMapping 543 - Mapped "{[/register],methods=[POST]}" onto public cn.edu.nju.software.common.result.Result cn.edu.nju.software.controller.RegisterController.register(cn.edu.nju.software.command.RegisterCommand)
2018-04-16 14:05:21.567 [restartedMain] INFO  o.s.w.s.m.m.a.RequestMappingHandlerMapping 543 - Mapped "{[/register],methods=[GET]}" onto public java.lang.String cn.edu.nju.software.controller.RegisterPageController.toRegister()
2018-04-16 14:05:21.570 [restartedMain] INFO  o.s.w.s.m.m.a.RequestMappingHandlerMapping 543 - Mapped "{[/test/one],methods=[GET]}" onto public cn.edu.nju.software.entity.TestEntity cn.edu.nju.software.controller.TestController.get()
2018-04-16 14:05:21.578 [restartedMain] INFO  o.s.w.s.m.m.a.RequestMappingHandlerMapping 543 - Mapped "{[/test/error],methods=[GET]}" onto public cn.edu.nju.software.common.result.Result cn.edu.nju.software.controller.TestController.getError()
2018-04-16 14:05:21.579 [restartedMain] INFO  o.s.w.s.m.m.a.RequestMappingHandlerMapping 543 - Mapped "{[/test/list],methods=[GET]}" onto public java.util.List<cn.edu.nju.software.entity.TestEntity> cn.edu.nju.software.controller.TestController.getList()
2018-04-16 14:05:21.583 [restartedMain] INFO  o.s.w.s.m.m.a.RequestMappingHandlerMapping 543 - Mapped "{[/error]}" onto public org.springframework.http.ResponseEntity<java.util.Map<java.lang.String, java.lang.Object>> org.springframework.boot.autoconfigure.web.BasicErrorController.error(javax.servlet.http.HttpServletRequest)
2018-04-16 14:05:21.584 [restartedMain] INFO  o.s.w.s.m.m.a.RequestMappingHandlerMapping 543 - Mapped "{[/error],produces=[text/html]}" onto public org.springframework.web.servlet.ModelAndView org.springframework.boot.autoconfigure.web.BasicErrorController.errorHtml(javax.servlet.http.HttpServletRequest,javax.servlet.http.HttpServletResponse)
2018-04-16 14:05:21.698 [restartedMain] INFO  o.s.web.servlet.handler.SimpleUrlHandlerMapping 362 - Mapped URL path [/webjars/**] onto handler of type [class org.springframework.web.servlet.resource.ResourceHttpRequestHandler]
2018-04-16 14:05:21.701 [restartedMain] INFO  o.s.web.servlet.handler.SimpleUrlHandlerMapping 362 - Mapped URL path [/static/**] onto handler of type [class org.springframework.web.servlet.resource.ResourceHttpRequestHandler]
2018-04-16 14:05:21.748 [restartedMain] INFO  o.s.w.s.m.m.a.ExceptionHandlerExceptionResolver 273 - Detected @ExceptionHandler methods in exceptionHandle
2018-04-16 14:05:21.811 [restartedMain] INFO  o.s.web.servlet.handler.SimpleUrlHandlerMapping 362 - Mapped URL path [/**/favicon.ico] onto handler of type [class org.springframework.web.servlet.resource.ResourceHttpRequestHandler]
2018-04-16 14:05:23.182 [restartedMain] INFO  o.s.b.d.autoconfigure.OptionalLiveReloadServer 58 - LiveReload server is running on port 35729
2018-04-16 14:05:23.297 [restartedMain] INFO  o.s.jmx.export.annotation.AnnotationMBeanExporter 431 - Registering beans for JMX exposure on startup
2018-04-16 14:05:23.299 [restartedMain] INFO  o.s.jmx.export.annotation.AnnotationMBeanExporter 916 - Bean with name 'datasource' has been autodetected for JMX exposure
2018-04-16 14:05:23.311 [restartedMain] INFO  o.s.jmx.export.annotation.AnnotationMBeanExporter 671 - Located MBean 'datasource': registering with JMX server as MBean [com.alibaba.druid.pool:name=datasource,type=DruidDataSource]
2018-04-16 14:05:23.348 [restartedMain] INFO  org.apache.coyote.http11.Http11NioProtocol 179 - Initializing ProtocolHandler ["http-nio-8080"]
2018-04-16 14:05:23.387 [restartedMain] INFO  org.apache.coyote.http11.Http11NioProtocol 179 - Starting ProtocolHandler ["http-nio-8080"]
2018-04-16 14:05:23.451 [restartedMain] INFO  org.apache.tomcat.util.net.NioSelectorPool 179 - Using a shared selector for servlet write/read
2018-04-16 14:05:23.504 [restartedMain] INFO  o.s.b.c.e.tomcat.TomcatEmbeddedServletContainer 201 - Tomcat started on port(s): 8080 (http)
2018-04-16 14:05:23.512 [restartedMain] INFO  cn.edu.nju.software.MainApplication 57 - Started MainApplication in 14.507 seconds (JVM running for 16.829)
2018-04-16 14:05:38.226 [http-nio-8080-exec-1] INFO  o.a.c.core.ContainerBase.[Tomcat].[localhost].[/] 179 - Initializing Spring FrameworkServlet 'dispatcherServlet'
2018-04-16 14:05:38.226 [http-nio-8080-exec-1] INFO  org.springframework.web.servlet.DispatcherServlet 489 - FrameworkServlet 'dispatcherServlet': initialization started
2018-04-16 14:05:38.346 [http-nio-8080-exec-1] INFO  org.springframework.web.servlet.DispatcherServlet 508 - FrameworkServlet 'dispatcherServlet': initialization completed in 119 ms
2018-04-16 14:05:38.961 [http-nio-8080-exec-1] INFO  cn.edu.nju.software.common.aspect.HttpAspect 36 - url=http://localhost:8080/login.jsp
2018-04-16 14:05:38.962 [http-nio-8080-exec-1] INFO  cn.edu.nju.software.common.aspect.HttpAspect 40 - ip=0:0:0:0:0:0:0:1
2018-04-16 14:05:39.107 [http-nio-8080-exec-1] INFO  cn.edu.nju.software.common.aspect.HttpAspect 58 - response=login
2018-04-16 14:05:39.229 [http-nio-8080-exec-1] INFO  org.thymeleaf.TemplateEngine 825 - [THYMELEAF] INITIALIZING TEMPLATE ENGINE
2018-04-16 14:05:39.613 [http-nio-8080-exec-1] INFO  o.t.templateresolver.AbstractTemplateResolver 99 - [THYMELEAF] INITIALIZING TEMPLATE RESOLVER: org.thymeleaf.spring4.templateresolver.SpringResourceTemplateResolver
2018-04-16 14:05:39.615 [http-nio-8080-exec-1] INFO  o.t.templateresolver.AbstractTemplateResolver 110 - [THYMELEAF] TEMPLATE RESOLVER INITIALIZED OK
2018-04-16 14:05:39.616 [http-nio-8080-exec-1] INFO  o.t.messageresolver.AbstractMessageResolver 72 - [THYMELEAF] INITIALIZING MESSAGE RESOLVER: org.thymeleaf.spring4.messageresolver.SpringMessageResolver
2018-04-16 14:05:39.616 [http-nio-8080-exec-1] INFO  o.t.messageresolver.AbstractMessageResolver 78 - [THYMELEAF] MESSAGE RESOLVER INITIALIZED OK
2018-04-16 14:05:39.649 [http-nio-8080-exec-1] INFO  org.thymeleaf.TemplateEngine.CONFIG 123 - [THYMELEAF] TEMPLATE ENGINE CONFIGURATION:
[THYMELEAF] * Cache Factory implementation: org.thymeleaf.cache.StandardCacheManager
[THYMELEAF] * Template modes:
[THYMELEAF]     * VALIDXHTML
[THYMELEAF]     * HTML5
[THYMELEAF]     * XHTML
[THYMELEAF]     * XML
[THYMELEAF]     * VALIDXML
[THYMELEAF]     * LEGACYHTML5
[THYMELEAF] * Template resolvers (in order):
[THYMELEAF]     * org.thymeleaf.spring4.templateresolver.SpringResourceTemplateResolver
[THYMELEAF] * Message resolvers (in order):
[THYMELEAF]     * org.thymeleaf.spring4.messageresolver.SpringMessageResolver
[THYMELEAF] * Dialect [1 of 2]: org.thymeleaf.spring4.dialect.SpringStandardDialect
[THYMELEAF]     * Prefix: "th"
[THYMELEAF] * Dialect [2 of 2]: nz.net.ultraq.thymeleaf.LayoutDialect
[THYMELEAF]     * Prefix: "layout"
[THYMELEAF] TEMPLATE ENGINE CONFIGURED OK
2018-04-16 14:05:39.650 [http-nio-8080-exec-1] INFO  org.thymeleaf.TemplateEngine 838 - [THYMELEAF] TEMPLATE ENGINE INITIALIZED
2018-04-16 14:06:00.507 [http-nio-8080-exec-9] INFO  cn.edu.nju.software.common.aspect.HttpAspect 36 - url=http://localhost:8080/login.jsp
2018-04-16 14:06:00.509 [http-nio-8080-exec-9] INFO  cn.edu.nju.software.common.aspect.HttpAspect 40 - ip=0:0:0:0:0:0:0:1
2018-04-16 14:06:00.510 [http-nio-8080-exec-9] INFO  cn.edu.nju.software.common.aspect.HttpAspect 58 - response=login
2018-04-16 14:06:09.912 [http-nio-8080-exec-8] INFO  cn.edu.nju.software.common.aspect.HttpAspect 36 - url=http://localhost:8080/login
2018-04-16 14:06:09.913 [http-nio-8080-exec-8] INFO  cn.edu.nju.software.common.aspect.HttpAspect 40 - ip=0:0:0:0:0:0:0:1
2018-04-16 14:06:21.260 [http-nio-8080-exec-4] INFO  cn.edu.nju.software.common.aspect.HttpAspect 36 - url=http://localhost:8080/login
2018-04-16 14:06:21.261 [http-nio-8080-exec-4] INFO  cn.edu.nju.software.common.aspect.HttpAspect 40 - ip=0:0:0:0:0:0:0:1
2018-04-16 14:06:43.678 [http-nio-8080-exec-3] INFO  cn.edu.nju.software.common.aspect.HttpAspect 36 - url=http://localhost:8080/login.jsp
2018-04-16 14:06:43.680 [http-nio-8080-exec-3] INFO  cn.edu.nju.software.common.aspect.HttpAspect 40 - ip=0:0:0:0:0:0:0:1
2018-04-16 14:06:43.681 [http-nio-8080-exec-3] INFO  cn.edu.nju.software.common.aspect.HttpAspect 58 - response=login
2018-04-16 14:06:51.266 [http-nio-8080-exec-6] INFO  cn.edu.nju.software.common.aspect.HttpAspect 36 - url=http://localhost:8080/login
2018-04-16 14:06:51.267 [http-nio-8080-exec-6] INFO  cn.edu.nju.software.common.aspect.HttpAspect 40 - ip=0:0:0:0:0:0:0:1
2018-04-16 14:06:58.628 [http-nio-8080-exec-9] INFO  cn.edu.nju.software.common.aspect.HttpAspect 36 - url=http://localhost:8080/login
2018-04-16 14:06:58.629 [http-nio-8080-exec-9] INFO  cn.edu.nju.software.common.aspect.HttpAspect 40 - ip=0:0:0:0:0:0:0:1
2018-04-16 14:06:58.630 [http-nio-8080-exec-9] INFO  cn.edu.nju.software.common.aspect.HttpAspect 58 - response=login
2018-04-16 14:06:58.832 [http-nio-8080-exec-7] INFO  cn.edu.nju.software.common.aspect.HttpAspect 36 - url=http://localhost:8080/login
2018-04-16 14:06:58.834 [http-nio-8080-exec-7] INFO  cn.edu.nju.software.common.aspect.HttpAspect 40 - ip=0:0:0:0:0:0:0:1
2018-04-16 14:06:58.834 [http-nio-8080-exec-7] INFO  cn.edu.nju.software.common.aspect.HttpAspect 58 - response=login
2018-04-16 14:07:08.119 [http-nio-8080-exec-1] INFO  cn.edu.nju.software.common.aspect.HttpAspect 36 - url=http://localhost:8080/login
2018-04-16 14:07:08.119 [http-nio-8080-exec-1] INFO  cn.edu.nju.software.common.aspect.HttpAspect 40 - ip=0:0:0:0:0:0:0:1
2018-04-16 14:07:26.077 [http-nio-8080-exec-8] ERROR com.alibaba.druid.pool.DruidDataSource 870 - init datasource error, url: jdbc:mysql://107.170.204.204:3306/ai_platform?userUnicode=true&characterEncoding=utf-8&useSSL=false
com.mysql.jdbc.exceptions.jdbc4.CommunicationsException: Communications link failure

The last packet sent successfully to the server was 0 milliseconds ago. The driver has not received any packets from the server.
	at sun.reflect.NativeConstructorAccessorImpl.newInstance0(Native Method)
	at sun.reflect.NativeConstructorAccessorImpl.newInstance(NativeConstructorAccessorImpl.java:62)
	at sun.reflect.DelegatingConstructorAccessorImpl.newInstance(DelegatingConstructorAccessorImpl.java:45)
	at java.lang.reflect.Constructor.newInstance(Constructor.java:423)
	at com.mysql.jdbc.Util.handleNewInstance(Util.java:425)
	at com.mysql.jdbc.SQLError.createCommunicationsException(SQLError.java:989)
	at com.mysql.jdbc.MysqlIO.<init>(MysqlIO.java:341)
	at com.mysql.jdbc.ConnectionImpl.coreConnect(ConnectionImpl.java:2189)
	at com.mysql.jdbc.ConnectionImpl.connectOneTryOnly(ConnectionImpl.java:2222)
	at com.mysql.jdbc.ConnectionImpl.createNewIO(ConnectionImpl.java:2017)
	at com.mysql.jdbc.ConnectionImpl.<init>(ConnectionImpl.java:779)
	at com.mysql.jdbc.JDBC4Connection.<init>(JDBC4Connection.java:47)
	at sun.reflect.NativeConstructorAccessorImpl.newInstance0(Native Method)
	at sun.reflect.NativeConstructorAccessorImpl.newInstance(NativeConstructorAccessorImpl.java:62)
	at sun.reflect.DelegatingConstructorAccessorImpl.newInstance(DelegatingConstructorAccessorImpl.java:45)
	at java.lang.reflect.Constructor.newInstance(Constructor.java:423)
	at com.mysql.jdbc.Util.handleNewInstance(Util.java:425)
	at com.mysql.jdbc.ConnectionImpl.getInstance(ConnectionImpl.java:389)
	at com.mysql.jdbc.NonRegisteringDriver.connect(NonRegisteringDriver.java:330)
	at com.alibaba.druid.filter.FilterChainImpl.connection_connect(FilterChainImpl.java:149)
	at com.alibaba.druid.filter.stat.StatFilter.connection_connect(StatFilter.java:218)
	at com.alibaba.druid.filter.FilterChainImpl.connection_connect(FilterChainImpl.java:143)
	at com.alibaba.druid.pool.DruidAbstractDataSource.createPhysicalConnection(DruidAbstractDataSource.java:1515)
	at com.alibaba.druid.pool.DruidAbstractDataSource.createPhysicalConnection(DruidAbstractDataSource.java:1578)
	at com.alibaba.druid.pool.DruidDataSource.init(DruidDataSource.java:859)
	at com.alibaba.druid.pool.DruidDataSource.getConnection(DruidDataSource.java:1227)
	at com.alibaba.druid.pool.DruidDataSource.getConnection(DruidDataSource.java:1223)
	at com.alibaba.druid.pool.DruidDataSource.getConnection(DruidDataSource.java:90)
	at org.springframework.jdbc.datasource.DataSourceUtils.doGetConnection(DataSourceUtils.java:111)
	at org.springframework.jdbc.datasource.DataSourceUtils.getConnection(DataSourceUtils.java:77)
	at org.mybatis.spring.transaction.SpringManagedTransaction.openConnection(SpringManagedTransaction.java:82)
	at org.mybatis.spring.transaction.SpringManagedTransaction.getConnection(SpringManagedTransaction.java:68)
	at org.apache.ibatis.executor.BaseExecutor.getConnection(BaseExecutor.java:338)
	at org.apache.ibatis.executor.SimpleExecutor.prepareStatement(SimpleExecutor.java:84)
	at org.apache.ibatis.executor.SimpleExecutor.doQuery(SimpleExecutor.java:62)
	at org.apache.ibatis.executor.BaseExecutor.queryFromDatabase(BaseExecutor.java:326)
	at org.apache.ibatis.executor.BaseExecutor.query(BaseExecutor.java:156)
	at org.apache.ibatis.executor.CachingExecutor.query(CachingExecutor.java:109)
	at org.apache.ibatis.executor.CachingExecutor.query(CachingExecutor.java:83)
	at org.apache.ibatis.session.defaults.DefaultSqlSession.selectList(DefaultSqlSession.java:148)
	at org.apache.ibatis.session.defaults.DefaultSqlSession.selectList(DefaultSqlSession.java:141)
	at org.apache.ibatis.session.defaults.DefaultSqlSession.selectOne(DefaultSqlSession.java:77)
	at sun.reflect.NativeMethodAccessorImpl.invoke0(Native Method)
	at sun.reflect.NativeMethodAccessorImpl.invoke(NativeMethodAccessorImpl.java:62)
	at sun.reflect.DelegatingMethodAccessorImpl.invoke(DelegatingMethodAccessorImpl.java:43)
	at java.lang.reflect.Method.invoke(Method.java:498)
	at org.mybatis.spring.SqlSessionTemplate$SqlSessionInterceptor.invoke(SqlSessionTemplate.java:433)
	at com.sun.proxy.$Proxy80.selectOne(Unknown Source)
	at org.mybatis.spring.SqlSessionTemplate.selectOne(SqlSessionTemplate.java:166)
	at org.apache.ibatis.binding.MapperMethod.execute(MapperMethod.java:83)
	at org.apache.ibatis.binding.MapperProxy.invoke(MapperProxy.java:59)
	at com.sun.proxy.$Proxy86.selectOne(Unknown Source)
	at sun.reflect.NativeMethodAccessorImpl.invoke0(Native Method)
	at sun.reflect.NativeMethodAccessorImpl.invoke(NativeMethodAccessorImpl.java:62)
	at sun.reflect.DelegatingMethodAccessorImpl.invoke(DelegatingMethodAccessorImpl.java:43)
	at java.lang.reflect.Method.invoke(Method.java:498)
	at org.springframework.aop.support.AopUtils.invokeJoinpointUsingReflection(AopUtils.java:333)
	at org.springframework.aop.framework.ReflectiveMethodInvocation.invokeJoinpoint(ReflectiveMethodInvocation.java:190)
	at org.springframework.aop.framework.ReflectiveMethodInvocation.proceed(ReflectiveMethodInvocation.java:157)
	at org.springframework.dao.support.PersistenceExceptionTranslationInterceptor.invoke(PersistenceExceptionTranslationInterceptor.java:136)
	at org.springframework.aop.framework.ReflectiveMethodInvocation.proceed(ReflectiveMethodInvocation.java:179)
	at org.springframework.aop.framework.JdkDynamicAopProxy.invoke(JdkDynamicAopProxy.java:213)
	at com.sun.proxy.$Proxy88.selectOne(Unknown Source)
	at cn.edu.nju.software.service.AccountService.findByUsername(AccountService.java:52)
	at cn.edu.nju.software.common.shiro.MyShiroRealm.doGetAuthenticationInfo(MyShiroRealm.java:44)
	at org.apache.shiro.realm.AuthenticatingRealm.getAuthenticationInfo(AuthenticatingRealm.java:571)
	at org.apache.shiro.authc.pam.ModularRealmAuthenticator.doSingleRealmAuthentication(ModularRealmAuthenticator.java:180)
	at org.apache.shiro.authc.pam.ModularRealmAuthenticator.doAuthenticate(ModularRealmAuthenticator.java:267)
	at org.apache.shiro.authc.AbstractAuthenticator.authenticate(AbstractAuthenticator.java:198)
	at org.apache.shiro.mgt.AuthenticatingSecurityManager.authenticate(AuthenticatingSecurityManager.java:106)
	at org.apache.shiro.mgt.DefaultSecurityManager.login(DefaultSecurityManager.java:274)
	at org.apache.shiro.subject.support.DelegatingSubject.login(DelegatingSubject.java:260)
	at cn.edu.nju.software.controller.LoginController.login(LoginController.java:27)
	at cn.edu.nju.software.controller.LoginController$$FastClassBySpringCGLIB$$56255daa.invoke(<generated>)
	at org.springframework.cglib.proxy.MethodProxy.invoke(MethodProxy.java:204)
	at org.springframework.aop.framework.CglibAopProxy$CglibMethodInvocation.invokeJoinpoint(CglibAopProxy.java:738)
	at org.springframework.aop.framework.ReflectiveMethodInvocation.proceed(ReflectiveMethodInvocation.java:157)
	at org.springframework.aop.framework.adapter.MethodBeforeAdviceInterceptor.invoke(MethodBeforeAdviceInterceptor.java:52)
	at org.springframework.aop.framework.ReflectiveMethodInvocation.proceed(ReflectiveMethodInvocation.java:179)
	at org.springframework.aop.aspectj.MethodInvocationProceedingJoinPoint.proceed(MethodInvocationProceedingJoinPoint.java:85)
	at cn.edu.nju.software.common.aspect.HttpAspect.doAround(HttpAspect.java:50)
	at sun.reflect.NativeMethodAccessorImpl.invoke0(Native Method)
	at sun.reflect.NativeMethodAccessorImpl.invoke(NativeMethodAccessorImpl.java:62)
	at sun.reflect.DelegatingMethodAccessorImpl.invoke(DelegatingMethodAccessorImpl.java:43)
	at java.lang.reflect.Method.invoke(Method.java:498)
	at org.springframework.aop.aspectj.AbstractAspectJAdvice.invokeAdviceMethodWithGivenArgs(AbstractAspectJAdvice.java:629)
	at org.springframework.aop.aspectj.AbstractAspectJAdvice.invokeAdviceMethod(AbstractAspectJAdvice.java:618)
	at org.springframework.aop.aspectj.AspectJAroundAdvice.invoke(AspectJAroundAdvice.java:70)
	at org.springframework.aop.framework.ReflectiveMethodInvocation.proceed(ReflectiveMethodInvocation.java:179)
	at org.springframework.aop.framework.adapter.AfterReturningAdviceInterceptor.invoke(AfterReturningAdviceInterceptor.java:52)
	at org.springframework.aop.framework.ReflectiveMethodInvocation.proceed(ReflectiveMethodInvocation.java:179)
	at org.springframework.aop.interceptor.ExposeInvocationInterceptor.invoke(ExposeInvocationInterceptor.java:92)
	at org.springframework.aop.framework.ReflectiveMethodInvocation.proceed(ReflectiveMethodInvocation.java:179)
	at org.springframework.aop.framework.CglibAopProxy$DynamicAdvisedInterceptor.intercept(CglibAopProxy.java:673)
	at cn.edu.nju.software.controller.LoginController$$EnhancerBySpringCGLIB$$1fe676ad.login(<generated>)
	at sun.reflect.NativeMethodAccessorImpl.invoke0(Native Method)
	at sun.reflect.NativeMethodAccessorImpl.invoke(NativeMethodAccessorImpl.java:62)
	at sun.reflect.DelegatingMethodAccessorImpl.invoke(DelegatingMethodAccessorImpl.java:43)
	at java.lang.reflect.Method.invoke(Method.java:498)
	at org.springframework.web.method.support.InvocableHandlerMethod.doInvoke(InvocableHandlerMethod.java:205)
	at org.springframework.web.method.support.InvocableHandlerMethod.invokeForRequest(InvocableHandlerMethod.java:133)
	at org.springframework.web.servlet.mvc.method.annotation.ServletInvocableHandlerMethod.invokeAndHandle(ServletInvocableHandlerMethod.java:97)
	at org.springframework.web.servlet.mvc.method.annotation.RequestMappingHandlerAdapter.invokeHandlerMethod(RequestMappingHandlerAdapter.java:827)
	at org.springframework.web.servlet.mvc.method.annotation.RequestMappingHandlerAdapter.handleInternal(RequestMappingHandlerAdapter.java:738)
	at org.springframework.web.servlet.mvc.method.AbstractHandlerMethodAdapter.handle(AbstractHandlerMethodAdapter.java:85)
	at org.springframework.web.servlet.DispatcherServlet.doDispatch(DispatcherServlet.java:967)
	at org.springframework.web.servlet.DispatcherServlet.doService(DispatcherServlet.java:901)
	at org.springframework.web.servlet.FrameworkServlet.processRequest(FrameworkServlet.java:970)
	at org.springframework.web.servlet.FrameworkServlet.doPost(FrameworkServlet.java:872)
	at javax.servlet.http.HttpServlet.service(HttpServlet.java:661)
	at org.springframework.web.servlet.FrameworkServlet.service(FrameworkServlet.java:846)
	at javax.servlet.http.HttpServlet.service(HttpServlet.java:742)
	at org.apache.catalina.core.ApplicationFilterChain.internalDoFilter(ApplicationFilterChain.java:231)
	at org.apache.catalina.core.ApplicationFilterChain.doFilter(ApplicationFilterChain.java:166)
	at org.apache.tomcat.websocket.server.WsFilter.doFilter(WsFilter.java:52)
	at org.apache.catalina.core.ApplicationFilterChain.internalDoFilter(ApplicationFilterChain.java:193)
	at org.apache.catalina.core.ApplicationFilterChain.doFilter(ApplicationFilterChain.java:166)
	at org.apache.shiro.web.servlet.ProxiedFilterChain.doFilter(ProxiedFilterChain.java:61)
	at org.apache.shiro.web.servlet.AdviceFilter.executeChain(AdviceFilter.java:108)
	at org.apache.shiro.web.servlet.AdviceFilter.doFilterInternal(AdviceFilter.java:137)
	at org.apache.shiro.web.servlet.OncePerRequestFilter.doFilter(OncePerRequestFilter.java:125)
	at org.apache.shiro.web.servlet.ProxiedFilterChain.doFilter(ProxiedFilterChain.java:66)
	at org.apache.shiro.web.servlet.AbstractShiroFilter.executeChain(AbstractShiroFilter.java:449)
	at org.apache.shiro.web.servlet.AbstractShiroFilter$1.call(AbstractShiroFilter.java:365)
	at org.apache.shiro.subject.support.SubjectCallable.doCall(SubjectCallable.java:90)
	at org.apache.shiro.subject.support.SubjectCallable.call(SubjectCallable.java:83)
	at org.apache.shiro.subject.support.DelegatingSubject.execute(DelegatingSubject.java:387)
	at org.apache.shiro.web.servlet.AbstractShiroFilter.doFilterInternal(AbstractShiroFilter.java:362)
	at org.apache.shiro.web.servlet.OncePerRequestFilter.doFilter(OncePerRequestFilter.java:125)
	at org.apache.catalina.core.ApplicationFilterChain.internalDoFilter(ApplicationFilterChain.java:193)
	at org.apache.catalina.core.ApplicationFilterChain.doFilter(ApplicationFilterChain.java:166)
	at com.alibaba.druid.support.http.WebStatFilter.doFilter(WebStatFilter.java:123)
	at org.apache.catalina.core.ApplicationFilterChain.internalDoFilter(ApplicationFilterChain.java:193)
	at org.apache.catalina.core.ApplicationFilterChain.doFilter(ApplicationFilterChain.java:166)
	at org.springframework.web.filter.RequestContextFilter.doFilterInternal(RequestContextFilter.java:99)
	at org.springframework.web.filter.OncePerRequestFilter.doFilter(OncePerRequestFilter.java:107)
	at org.apache.catalina.core.ApplicationFilterChain.internalDoFilter(ApplicationFilterChain.java:193)
	at org.apache.catalina.core.ApplicationFilterChain.doFilter(ApplicationFilterChain.java:166)
	at org.springframework.web.filter.HttpPutFormContentFilter.doFilterInternal(HttpPutFormContentFilter.java:108)
	at org.springframework.web.filter.OncePerRequestFilter.doFilter(OncePerRequestFilter.java:107)
	at org.apache.catalina.core.ApplicationFilterChain.internalDoFilter(ApplicationFilterChain.java:193)
	at org.apache.catalina.core.ApplicationFilterChain.doFilter(ApplicationFilterChain.java:166)
	at org.springframework.web.filter.HiddenHttpMethodFilter.doFilterInternal(HiddenHttpMethodFilter.java:81)
	at org.springframework.web.filter.OncePerRequestFilter.doFilter(OncePerRequestFilter.java:107)
	at org.apache.catalina.core.ApplicationFilterChain.internalDoFilter(ApplicationFilterChain.java:193)
	at org.apache.catalina.core.ApplicationFilterChain.doFilter(ApplicationFilterChain.java:166)
	at org.springframework.web.filter.CharacterEncodingFilter.doFilterInternal(CharacterEncodingFilter.java:197)
	at org.springframework.web.filter.OncePerRequestFilter.doFilter(OncePerRequestFilter.java:107)
	at org.apache.catalina.core.ApplicationFilterChain.internalDoFilter(ApplicationFilterChain.java:193)
	at org.apache.catalina.core.ApplicationFilterChain.doFilter(ApplicationFilterChain.java:166)
	at org.apache.catalina.core.StandardWrapperValve.invoke(StandardWrapperValve.java:199)
	at org.apache.catalina.core.StandardContextValve.invoke(StandardContextValve.java:96)
	at org.apache.catalina.authenticator.AuthenticatorBase.invoke(AuthenticatorBase.java:478)
	at org.apache.catalina.core.StandardHostValve.invoke(StandardHostValve.java:140)
	at org.apache.catalina.valves.ErrorReportValve.invoke(ErrorReportValve.java:81)
	at org.apache.catalina.core.StandardEngineValve.invoke(StandardEngineValve.java:87)
	at org.apache.catalina.connector.CoyoteAdapter.service(CoyoteAdapter.java:342)
	at org.apache.coyote.http11.Http11Processor.service(Http11Processor.java:803)
	at org.apache.coyote.AbstractProcessorLight.process(AbstractProcessorLight.java:66)
	at org.apache.coyote.AbstractProtocol$ConnectionHandler.process(AbstractProtocol.java:868)
	at org.apache.tomcat.util.net.NioEndpoint$SocketProcessor.doRun(NioEndpoint.java:1459)
	at org.apache.tomcat.util.net.SocketProcessorBase.run(SocketProcessorBase.java:49)
	at java.util.concurrent.ThreadPoolExecutor.runWorker(ThreadPoolExecutor.java:1149)
	at java.util.concurrent.ThreadPoolExecutor$Worker.run(ThreadPoolExecutor.java:624)
	at org.apache.tomcat.util.threads.TaskThread$WrappingRunnable.run(TaskThread.java:61)
	at java.lang.Thread.run(Thread.java:748)
Caused by: java.net.ConnectException: Operation timed out (Connection timed out)
	at java.net.PlainSocketImpl.socketConnect(Native Method)
	at java.net.AbstractPlainSocketImpl.doConnect(AbstractPlainSocketImpl.java:350)
	at java.net.AbstractPlainSocketImpl.connectToAddress(AbstractPlainSocketImpl.java:206)
	at java.net.AbstractPlainSocketImpl.connect(AbstractPlainSocketImpl.java:188)
	at java.net.SocksSocketImpl.connect(SocksSocketImpl.java:392)
	at java.net.Socket.connect(Socket.java:589)
	at com.mysql.jdbc.StandardSocketFactory.connect(StandardSocketFactory.java:211)
	at com.mysql.jdbc.MysqlIO.<init>(MysqlIO.java:300)
	... 159 common frames omitted
2018-04-16 14:07:26.123 [http-nio-8080-exec-8] ERROR com.alibaba.druid.pool.DruidDataSource 903 - {dataSource-1} init error
com.mysql.jdbc.exceptions.jdbc4.CommunicationsException: Communications link failure

The last packet sent successfully to the server was 0 milliseconds ago. The driver has not received any packets from the server.
	at sun.reflect.NativeConstructorAccessorImpl.newInstance0(Native Method)
	at sun.reflect.NativeConstructorAccessorImpl.newInstance(NativeConstructorAccessorImpl.java:62)
	at sun.reflect.DelegatingConstructorAccessorImpl.newInstance(DelegatingConstructorAccessorImpl.java:45)
	at java.lang.reflect.Constructor.newInstance(Constructor.java:423)
	at com.mysql.jdbc.Util.handleNewInstance(Util.java:425)
	at com.mysql.jdbc.SQLError.createCommunicationsException(SQLError.java:989)
	at com.mysql.jdbc.MysqlIO.<init>(MysqlIO.java:341)
	at com.mysql.jdbc.ConnectionImpl.coreConnect(ConnectionImpl.java:2189)
	at com.mysql.jdbc.ConnectionImpl.connectOneTryOnly(ConnectionImpl.java:2222)
	at com.mysql.jdbc.ConnectionImpl.createNewIO(ConnectionImpl.java:2017)
	at com.mysql.jdbc.ConnectionImpl.<init>(ConnectionImpl.java:779)
	at com.mysql.jdbc.JDBC4Connection.<init>(JDBC4Connection.java:47)
	at sun.reflect.NativeConstructorAccessorImpl.newInstance0(Native Method)
	at sun.reflect.NativeConstructorAccessorImpl.newInstance(NativeConstructorAccessorImpl.java:62)
	at sun.reflect.DelegatingConstructorAccessorImpl.newInstance(DelegatingConstructorAccessorImpl.java:45)
	at java.lang.reflect.Constructor.newInstance(Constructor.java:423)
	at com.mysql.jdbc.Util.handleNewInstance(Util.java:425)
	at com.mysql.jdbc.ConnectionImpl.getInstance(ConnectionImpl.java:389)
	at com.mysql.jdbc.NonRegisteringDriver.connect(NonRegisteringDriver.java:330)
	at com.alibaba.druid.filter.FilterChainImpl.connection_connect(FilterChainImpl.java:149)
	at com.alibaba.druid.filter.stat.StatFilter.connection_connect(StatFilter.java:218)
	at com.alibaba.druid.filter.FilterChainImpl.connection_connect(FilterChainImpl.java:143)
	at com.alibaba.druid.pool.DruidAbstractDataSource.createPhysicalConnection(DruidAbstractDataSource.java:1515)
	at com.alibaba.druid.pool.DruidAbstractDataSource.createPhysicalConnection(DruidAbstractDataSource.java:1578)
	at com.alibaba.druid.pool.DruidDataSource.init(DruidDataSource.java:859)
	at com.alibaba.druid.pool.DruidDataSource.getConnection(DruidDataSource.java:1227)
	at com.alibaba.druid.pool.DruidDataSource.getConnection(DruidDataSource.java:1223)
	at com.alibaba.druid.pool.DruidDataSource.getConnection(DruidDataSource.java:90)
	at org.springframework.jdbc.datasource.DataSourceUtils.doGetConnection(DataSourceUtils.java:111)
	at org.springframework.jdbc.datasource.DataSourceUtils.getConnection(DataSourceUtils.java:77)
	at org.mybatis.spring.transaction.SpringManagedTransaction.openConnection(SpringManagedTransaction.java:82)
	at org.mybatis.spring.transaction.SpringManagedTransaction.getConnection(SpringManagedTransaction.java:68)
	at org.apache.ibatis.executor.BaseExecutor.getConnection(BaseExecutor.java:338)
	at org.apache.ibatis.executor.SimpleExecutor.prepareStatement(SimpleExecutor.java:84)
	at org.apache.ibatis.executor.SimpleExecutor.doQuery(SimpleExecutor.java:62)
	at org.apache.ibatis.executor.BaseExecutor.queryFromDatabase(BaseExecutor.java:326)
	at org.apache.ibatis.executor.BaseExecutor.query(BaseExecutor.java:156)
	at org.apache.ibatis.executor.CachingExecutor.query(CachingExecutor.java:109)
	at org.apache.ibatis.executor.CachingExecutor.query(CachingExecutor.java:83)
	at org.apache.ibatis.session.defaults.DefaultSqlSession.selectList(DefaultSqlSession.java:148)
	at org.apache.ibatis.session.defaults.DefaultSqlSession.selectList(DefaultSqlSession.java:141)
	at org.apache.ibatis.session.defaults.DefaultSqlSession.selectOne(DefaultSqlSession.java:77)
	at sun.reflect.NativeMethodAccessorImpl.invoke0(Native Method)
	at sun.reflect.NativeMethodAccessorImpl.invoke(NativeMethodAccessorImpl.java:62)
	at sun.reflect.DelegatingMethodAccessorImpl.invoke(DelegatingMethodAccessorImpl.java:43)
	at java.lang.reflect.Method.invoke(Method.java:498)
	at org.mybatis.spring.SqlSessionTemplate$SqlSessionInterceptor.invoke(SqlSessionTemplate.java:433)
	at com.sun.proxy.$Proxy80.selectOne(Unknown Source)
	at org.mybatis.spring.SqlSessionTemplate.selectOne(SqlSessionTemplate.java:166)
	at org.apache.ibatis.binding.MapperMethod.execute(MapperMethod.java:83)
	at org.apache.ibatis.binding.MapperProxy.invoke(MapperProxy.java:59)
	at com.sun.proxy.$Proxy86.selectOne(Unknown Source)
	at sun.reflect.NativeMethodAccessorImpl.invoke0(Native Method)
	at sun.reflect.NativeMethodAccessorImpl.invoke(NativeMethodAccessorImpl.java:62)
	at sun.reflect.DelegatingMethodAccessorImpl.invoke(DelegatingMethodAccessorImpl.java:43)
	at java.lang.reflect.Method.invoke(Method.java:498)
	at org.springframework.aop.support.AopUtils.invokeJoinpointUsingReflection(AopUtils.java:333)
	at org.springframework.aop.framework.ReflectiveMethodInvocation.invokeJoinpoint(ReflectiveMethodInvocation.java:190)
	at org.springframework.aop.framework.ReflectiveMethodInvocation.proceed(ReflectiveMethodInvocation.java:157)
	at org.springframework.dao.support.PersistenceExceptionTranslationInterceptor.invoke(PersistenceExceptionTranslationInterceptor.java:136)
	at org.springframework.aop.framework.ReflectiveMethodInvocation.proceed(ReflectiveMethodInvocation.java:179)
	at org.springframework.aop.framework.JdkDynamicAopProxy.invoke(JdkDynamicAopProxy.java:213)
	at com.sun.proxy.$Proxy88.selectOne(Unknown Source)
	at cn.edu.nju.software.service.AccountService.findByUsername(AccountService.java:52)
	at cn.edu.nju.software.common.shiro.MyShiroRealm.doGetAuthenticationInfo(MyShiroRealm.java:44)
	at org.apache.shiro.realm.AuthenticatingRealm.getAuthenticationInfo(AuthenticatingRealm.java:571)
	at org.apache.shiro.authc.pam.ModularRealmAuthenticator.doSingleRealmAuthentication(ModularRealmAuthenticator.java:180)
	at org.apache.shiro.authc.pam.ModularRealmAuthenticator.doAuthenticate(ModularRealmAuthenticator.java:267)
	at org.apache.shiro.authc.AbstractAuthenticator.authenticate(AbstractAuthenticator.java:198)
	at org.apache.shiro.mgt.AuthenticatingSecurityManager.authenticate(AuthenticatingSecurityManager.java:106)
	at org.apache.shiro.mgt.DefaultSecurityManager.login(DefaultSecurityManager.java:274)
	at org.apache.shiro.subject.support.DelegatingSubject.login(DelegatingSubject.java:260)
	at cn.edu.nju.software.controller.LoginController.login(LoginController.java:27)
	at cn.edu.nju.software.controller.LoginController$$FastClassBySpringCGLIB$$56255daa.invoke(<generated>)
	at org.springframework.cglib.proxy.MethodProxy.invoke(MethodProxy.java:204)
	at org.springframework.aop.framework.CglibAopProxy$CglibMethodInvocation.invokeJoinpoint(CglibAopProxy.java:738)
	at org.springframework.aop.framework.ReflectiveMethodInvocation.proceed(ReflectiveMethodInvocation.java:157)
	at org.springframework.aop.framework.adapter.MethodBeforeAdviceInterceptor.invoke(MethodBeforeAdviceInterceptor.java:52)
	at org.springframework.aop.framework.ReflectiveMethodInvocation.proceed(ReflectiveMethodInvocation.java:179)
	at org.springframework.aop.aspectj.MethodInvocationProceedingJoinPoint.proceed(MethodInvocationProceedingJoinPoint.java:85)
	at cn.edu.nju.software.common.aspect.HttpAspect.doAround(HttpAspect.java:50)
	at sun.reflect.NativeMethodAccessorImpl.invoke0(Native Method)
	at sun.reflect.NativeMethodAccessorImpl.invoke(NativeMethodAccessorImpl.java:62)
	at sun.reflect.DelegatingMethodAccessorImpl.invoke(DelegatingMethodAccessorImpl.java:43)
	at java.lang.reflect.Method.invoke(Method.java:498)
	at org.springframework.aop.aspectj.AbstractAspectJAdvice.invokeAdviceMethodWithGivenArgs(AbstractAspectJAdvice.java:629)
	at org.springframework.aop.aspectj.AbstractAspectJAdvice.invokeAdviceMethod(AbstractAspectJAdvice.java:618)
	at org.springframework.aop.aspectj.AspectJAroundAdvice.invoke(AspectJAroundAdvice.java:70)
	at org.springframework.aop.framework.ReflectiveMethodInvocation.proceed(ReflectiveMethodInvocation.java:179)
	at org.springframework.aop.framework.adapter.AfterReturningAdviceInterceptor.invoke(AfterReturningAdviceInterceptor.java:52)
	at org.springframework.aop.framework.ReflectiveMethodInvocation.proceed(ReflectiveMethodInvocation.java:179)
	at org.springframework.aop.interceptor.ExposeInvocationInterceptor.invoke(ExposeInvocationInterceptor.java:92)
	at org.springframework.aop.framework.ReflectiveMethodInvocation.proceed(ReflectiveMethodInvocation.java:179)
	at org.springframework.aop.framework.CglibAopProxy$DynamicAdvisedInterceptor.intercept(CglibAopProxy.java:673)
	at cn.edu.nju.software.controller.LoginController$$EnhancerBySpringCGLIB$$1fe676ad.login(<generated>)
	at sun.reflect.NativeMethodAccessorImpl.invoke0(Native Method)
	at sun.reflect.NativeMethodAccessorImpl.invoke(NativeMethodAccessorImpl.java:62)
	at sun.reflect.DelegatingMethodAccessorImpl.invoke(DelegatingMethodAccessorImpl.java:43)
	at java.lang.reflect.Method.invoke(Method.java:498)
	at org.springframework.web.method.support.InvocableHandlerMethod.doInvoke(InvocableHandlerMethod.java:205)
	at org.springframework.web.method.support.InvocableHandlerMethod.invokeForRequest(InvocableHandlerMethod.java:133)
	at org.springframework.web.servlet.mvc.method.annotation.ServletInvocableHandlerMethod.invokeAndHandle(ServletInvocableHandlerMethod.java:97)
	at org.springframework.web.servlet.mvc.method.annotation.RequestMappingHandlerAdapter.invokeHandlerMethod(RequestMappingHandlerAdapter.java:827)
	at org.springframework.web.servlet.mvc.method.annotation.RequestMappingHandlerAdapter.handleInternal(RequestMappingHandlerAdapter.java:738)
	at org.springframework.web.servlet.mvc.method.AbstractHandlerMethodAdapter.handle(AbstractHandlerMethodAdapter.java:85)
	at org.springframework.web.servlet.DispatcherServlet.doDispatch(DispatcherServlet.java:967)
	at org.springframework.web.servlet.DispatcherServlet.doService(DispatcherServlet.java:901)
	at org.springframework.web.servlet.FrameworkServlet.processRequest(FrameworkServlet.java:970)
	at org.springframework.web.servlet.FrameworkServlet.doPost(FrameworkServlet.java:872)
	at javax.servlet.http.HttpServlet.service(HttpServlet.java:661)
	at org.springframework.web.servlet.FrameworkServlet.service(FrameworkServlet.java:846)
	at javax.servlet.http.HttpServlet.service(HttpServlet.java:742)
	at org.apache.catalina.core.ApplicationFilterChain.internalDoFilter(ApplicationFilterChain.java:231)
	at org.apache.catalina.core.ApplicationFilterChain.doFilter(ApplicationFilterChain.java:166)
	at org.apache.tomcat.websocket.server.WsFilter.doFilter(WsFilter.java:52)
	at org.apache.catalina.core.ApplicationFilterChain.internalDoFilter(ApplicationFilterChain.java:193)
	at org.apache.catalina.core.ApplicationFilterChain.doFilter(ApplicationFilterChain.java:166)
	at org.apache.shiro.web.servlet.ProxiedFilterChain.doFilter(ProxiedFilterChain.java:61)
	at org.apache.shiro.web.servlet.AdviceFilter.executeChain(AdviceFilter.java:108)
	at org.apache.shiro.web.servlet.AdviceFilter.doFilterInternal(AdviceFilter.java:137)
	at org.apache.shiro.web.servlet.OncePerRequestFilter.doFilter(OncePerRequestFilter.java:125)
	at org.apache.shiro.web.servlet.ProxiedFilterChain.doFilter(ProxiedFilterChain.java:66)
	at org.apache.shiro.web.servlet.AbstractShiroFilter.executeChain(AbstractShiroFilter.java:449)
	at org.apache.shiro.web.servlet.AbstractShiroFilter$1.call(AbstractShiroFilter.java:365)
	at org.apache.shiro.subject.support.SubjectCallable.doCall(SubjectCallable.java:90)
	at org.apache.shiro.subject.support.SubjectCallable.call(SubjectCallable.java:83)
	at org.apache.shiro.subject.support.DelegatingSubject.execute(DelegatingSubject.java:387)
	at org.apache.shiro.web.servlet.AbstractShiroFilter.doFilterInternal(AbstractShiroFilter.java:362)
	at org.apache.shiro.web.servlet.OncePerRequestFilter.doFilter(OncePerRequestFilter.java:125)
	at org.apache.catalina.core.ApplicationFilterChain.internalDoFilter(ApplicationFilterChain.java:193)
	at org.apache.catalina.core.ApplicationFilterChain.doFilter(ApplicationFilterChain.java:166)
	at com.alibaba.druid.support.http.WebStatFilter.doFilter(WebStatFilter.java:123)
	at org.apache.catalina.core.ApplicationFilterChain.internalDoFilter(ApplicationFilterChain.java:193)
	at org.apache.catalina.core.ApplicationFilterChain.doFilter(ApplicationFilterChain.java:166)
	at org.springframework.web.filter.RequestContextFilter.doFilterInternal(RequestContextFilter.java:99)
	at org.springframework.web.filter.OncePerRequestFilter.doFilter(OncePerRequestFilter.java:107)
	at org.apache.catalina.core.ApplicationFilterChain.internalDoFilter(ApplicationFilterChain.java:193)
	at org.apache.catalina.core.ApplicationFilterChain.doFilter(ApplicationFilterChain.java:166)
	at org.springframework.web.filter.HttpPutFormContentFilter.doFilterInternal(HttpPutFormContentFilter.java:108)
	at org.springframework.web.filter.OncePerRequestFilter.doFilter(OncePerRequestFilter.java:107)
	at org.apache.catalina.core.ApplicationFilterChain.internalDoFilter(ApplicationFilterChain.java:193)
	at org.apache.catalina.core.ApplicationFilterChain.doFilter(ApplicationFilterChain.java:166)
	at org.springframework.web.filter.HiddenHttpMethodFilter.doFilterInternal(HiddenHttpMethodFilter.java:81)
	at org.springframework.web.filter.OncePerRequestFilter.doFilter(OncePerRequestFilter.java:107)
	at org.apache.catalina.core.ApplicationFilterChain.internalDoFilter(ApplicationFilterChain.java:193)
	at org.apache.catalina.core.ApplicationFilterChain.doFilter(ApplicationFilterChain.java:166)
	at org.springframework.web.filter.CharacterEncodingFilter.doFilterInternal(CharacterEncodingFilter.java:197)
	at org.springframework.web.filter.OncePerRequestFilter.doFilter(OncePerRequestFilter.java:107)
	at org.apache.catalina.core.ApplicationFilterChain.internalDoFilter(ApplicationFilterChain.java:193)
	at org.apache.catalina.core.ApplicationFilterChain.doFilter(ApplicationFilterChain.java:166)
	at org.apache.catalina.core.StandardWrapperValve.invoke(StandardWrapperValve.java:199)
	at org.apache.catalina.core.StandardContextValve.invoke(StandardContextValve.java:96)
	at org.apache.catalina.authenticator.AuthenticatorBase.invoke(AuthenticatorBase.java:478)
	at org.apache.catalina.core.StandardHostValve.invoke(StandardHostValve.java:140)
	at org.apache.catalina.valves.ErrorReportValve.invoke(ErrorReportValve.java:81)
	at org.apache.catalina.core.StandardEngineValve.invoke(StandardEngineValve.java:87)
	at org.apache.catalina.connector.CoyoteAdapter.service(CoyoteAdapter.java:342)
	at org.apache.coyote.http11.Http11Processor.service(Http11Processor.java:803)
	at org.apache.coyote.AbstractProcessorLight.process(AbstractProcessorLight.java:66)
	at org.apache.coyote.AbstractProtocol$ConnectionHandler.process(AbstractProtocol.java:868)
	at org.apache.tomcat.util.net.NioEndpoint$SocketProcessor.doRun(NioEndpoint.java:1459)
	at org.apache.tomcat.util.net.SocketProcessorBase.run(SocketProcessorBase.java:49)
	at java.util.concurrent.ThreadPoolExecutor.runWorker(ThreadPoolExecutor.java:1149)
	at java.util.concurrent.ThreadPoolExecutor$Worker.run(ThreadPoolExecutor.java:624)
	at org.apache.tomcat.util.threads.TaskThread$WrappingRunnable.run(TaskThread.java:61)
	at java.lang.Thread.run(Thread.java:748)
Caused by: java.net.ConnectException: Operation timed out (Connection timed out)
	at java.net.PlainSocketImpl.socketConnect(Native Method)
	at java.net.AbstractPlainSocketImpl.doConnect(AbstractPlainSocketImpl.java:350)
	at java.net.AbstractPlainSocketImpl.connectToAddress(AbstractPlainSocketImpl.java:206)
	at java.net.AbstractPlainSocketImpl.connect(AbstractPlainSocketImpl.java:188)
	at java.net.SocksSocketImpl.connect(SocksSocketImpl.java:392)
	at java.net.Socket.connect(Socket.java:589)
	at com.mysql.jdbc.StandardSocketFactory.connect(StandardSocketFactory.java:211)
	at com.mysql.jdbc.MysqlIO.<init>(MysqlIO.java:300)
	... 159 common frames omitted
2018-04-16 14:07:26.211 [http-nio-8080-exec-8] INFO  com.alibaba.druid.pool.DruidDataSource 928 - {dataSource-1} inited
2018-04-16 14:07:26.230 [http-nio-8080-exec-8] WARN  org.apache.shiro.authc.AbstractAuthenticator 216 - Authentication failed for token submission [org.apache.shiro.authc.UsernamePasswordToken - user03, rememberMe=false].  Possible unexpected error? (Typical or expected login exceptions should extend from AuthenticationException).
org.mybatis.spring.MyBatisSystemException: nested exception is org.apache.ibatis.exceptions.PersistenceException: 
### Error querying database.  Cause: org.springframework.jdbc.CannotGetJdbcConnectionException: Could not get JDBC Connection; nested exception is com.mysql.jdbc.exceptions.jdbc4.CommunicationsException: Communications link failure

The last packet sent successfully to the server was 0 milliseconds ago. The driver has not received any packets from the server.
### The error may exist in cn/edu/nju/software/mapper/UserMapper.java (best guess)
### The error may involve cn.edu.nju.software.mapper.UserMapper.selectOne
### The error occurred while executing a query
### Cause: org.springframework.jdbc.CannotGetJdbcConnectionException: Could not get JDBC Connection; nested exception is com.mysql.jdbc.exceptions.jdbc4.CommunicationsException: Communications link failure

The last packet sent successfully to the server was 0 milliseconds ago. The driver has not received any packets from the server.
	at org.mybatis.spring.MyBatisExceptionTranslator.translateExceptionIfPossible(MyBatisExceptionTranslator.java:77)
	at org.mybatis.spring.SqlSessionTemplate$SqlSessionInterceptor.invoke(SqlSessionTemplate.java:446)
	at com.sun.proxy.$Proxy80.selectOne(Unknown Source)
	at org.mybatis.spring.SqlSessionTemplate.selectOne(SqlSessionTemplate.java:166)
	at org.apache.ibatis.binding.MapperMethod.execute(MapperMethod.java:83)
	at org.apache.ibatis.binding.MapperProxy.invoke(MapperProxy.java:59)
	at com.sun.proxy.$Proxy86.selectOne(Unknown Source)
	at sun.reflect.NativeMethodAccessorImpl.invoke0(Native Method)
	at sun.reflect.NativeMethodAccessorImpl.invoke(NativeMethodAccessorImpl.java:62)
	at sun.reflect.DelegatingMethodAccessorImpl.invoke(DelegatingMethodAccessorImpl.java:43)
	at java.lang.reflect.Method.invoke(Method.java:498)
	at org.springframework.aop.support.AopUtils.invokeJoinpointUsingReflection(AopUtils.java:333)
	at org.springframework.aop.framework.ReflectiveMethodInvocation.invokeJoinpoint(ReflectiveMethodInvocation.java:190)
	at org.springframework.aop.framework.ReflectiveMethodInvocation.proceed(ReflectiveMethodInvocation.java:157)
	at org.springframework.dao.support.PersistenceExceptionTranslationInterceptor.invoke(PersistenceExceptionTranslationInterceptor.java:136)
	at org.springframework.aop.framework.ReflectiveMethodInvocation.proceed(ReflectiveMethodInvocation.java:179)
	at org.springframework.aop.framework.JdkDynamicAopProxy.invoke(JdkDynamicAopProxy.java:213)
	at com.sun.proxy.$Proxy88.selectOne(Unknown Source)
	at cn.edu.nju.software.service.AccountService.findByUsername(AccountService.java:52)
	at cn.edu.nju.software.common.shiro.MyShiroRealm.doGetAuthenticationInfo(MyShiroRealm.java:44)
	at org.apache.shiro.realm.AuthenticatingRealm.getAuthenticationInfo(AuthenticatingRealm.java:571)
	at org.apache.shiro.authc.pam.ModularRealmAuthenticator.doSingleRealmAuthentication(ModularRealmAuthenticator.java:180)
	at org.apache.shiro.authc.pam.ModularRealmAuthenticator.doAuthenticate(ModularRealmAuthenticator.java:267)
	at org.apache.shiro.authc.AbstractAuthenticator.authenticate(AbstractAuthenticator.java:198)
	at org.apache.shiro.mgt.AuthenticatingSecurityManager.authenticate(AuthenticatingSecurityManager.java:106)
	at org.apache.shiro.mgt.DefaultSecurityManager.login(DefaultSecurityManager.java:274)
	at org.apache.shiro.subject.support.DelegatingSubject.login(DelegatingSubject.java:260)
	at cn.edu.nju.software.controller.LoginController.login(LoginController.java:27)
	at cn.edu.nju.software.controller.LoginController$$FastClassBySpringCGLIB$$56255daa.invoke(<generated>)
	at org.springframework.cglib.proxy.MethodProxy.invoke(MethodProxy.java:204)
	at org.springframework.aop.framework.CglibAopProxy$CglibMethodInvocation.invokeJoinpoint(CglibAopProxy.java:738)
	at org.springframework.aop.framework.ReflectiveMethodInvocation.proceed(ReflectiveMethodInvocation.java:157)
	at org.springframework.aop.framework.adapter.MethodBeforeAdviceInterceptor.invoke(MethodBeforeAdviceInterceptor.java:52)
	at org.springframework.aop.framework.ReflectiveMethodInvocation.proceed(ReflectiveMethodInvocation.java:179)
	at org.springframework.aop.aspectj.MethodInvocationProceedingJoinPoint.proceed(MethodInvocationProceedingJoinPoint.java:85)
	at cn.edu.nju.software.common.aspect.HttpAspect.doAround(HttpAspect.java:50)
	at sun.reflect.NativeMethodAccessorImpl.invoke0(Native Method)
	at sun.reflect.NativeMethodAccessorImpl.invoke(NativeMethodAccessorImpl.java:62)
	at sun.reflect.DelegatingMethodAccessorImpl.invoke(DelegatingMethodAccessorImpl.java:43)
	at java.lang.reflect.Method.invoke(Method.java:498)
	at org.springframework.aop.aspectj.AbstractAspectJAdvice.invokeAdviceMethodWithGivenArgs(AbstractAspectJAdvice.java:629)
	at org.springframework.aop.aspectj.AbstractAspectJAdvice.invokeAdviceMethod(AbstractAspectJAdvice.java:618)
	at org.springframework.aop.aspectj.AspectJAroundAdvice.invoke(AspectJAroundAdvice.java:70)
	at org.springframework.aop.framework.ReflectiveMethodInvocation.proceed(ReflectiveMethodInvocation.java:179)
	at org.springframework.aop.framework.adapter.AfterReturningAdviceInterceptor.invoke(AfterReturningAdviceInterceptor.java:52)
	at org.springframework.aop.framework.ReflectiveMethodInvocation.proceed(ReflectiveMethodInvocation.java:179)
	at org.springframework.aop.interceptor.ExposeInvocationInterceptor.invoke(ExposeInvocationInterceptor.java:92)
	at org.springframework.aop.framework.ReflectiveMethodInvocation.proceed(ReflectiveMethodInvocation.java:179)
	at org.springframework.aop.framework.CglibAopProxy$DynamicAdvisedInterceptor.intercept(CglibAopProxy.java:673)
	at cn.edu.nju.software.controller.LoginController$$EnhancerBySpringCGLIB$$1fe676ad.login(<generated>)
	at sun.reflect.NativeMethodAccessorImpl.invoke0(Native Method)
	at sun.reflect.NativeMethodAccessorImpl.invoke(NativeMethodAccessorImpl.java:62)
	at sun.reflect.DelegatingMethodAccessorImpl.invoke(DelegatingMethodAccessorImpl.java:43)
	at java.lang.reflect.Method.invoke(Method.java:498)
	at org.springframework.web.method.support.InvocableHandlerMethod.doInvoke(InvocableHandlerMethod.java:205)
	at org.springframework.web.method.support.InvocableHandlerMethod.invokeForRequest(InvocableHandlerMethod.java:133)
	at org.springframework.web.servlet.mvc.method.annotation.ServletInvocableHandlerMethod.invokeAndHandle(ServletInvocableHandlerMethod.java:97)
	at org.springframework.web.servlet.mvc.method.annotation.RequestMappingHandlerAdapter.invokeHandlerMethod(RequestMappingHandlerAdapter.java:827)
	at org.springframework.web.servlet.mvc.method.annotation.RequestMappingHandlerAdapter.handleInternal(RequestMappingHandlerAdapter.java:738)
	at org.springframework.web.servlet.mvc.method.AbstractHandlerMethodAdapter.handle(AbstractHandlerMethodAdapter.java:85)
	at org.springframework.web.servlet.DispatcherServlet.doDispatch(DispatcherServlet.java:967)
	at org.springframework.web.servlet.DispatcherServlet.doService(DispatcherServlet.java:901)
	at org.springframework.web.servlet.FrameworkServlet.processRequest(FrameworkServlet.java:970)
	at org.springframework.web.servlet.FrameworkServlet.doPost(FrameworkServlet.java:872)
	at javax.servlet.http.HttpServlet.service(HttpServlet.java:661)
	at org.springframework.web.servlet.FrameworkServlet.service(FrameworkServlet.java:846)
	at javax.servlet.http.HttpServlet.service(HttpServlet.java:742)
	at org.apache.catalina.core.ApplicationFilterChain.internalDoFilter(ApplicationFilterChain.java:231)
	at org.apache.catalina.core.ApplicationFilterChain.doFilter(ApplicationFilterChain.java:166)
	at org.apache.tomcat.websocket.server.WsFilter.doFilter(WsFilter.java:52)
	at org.apache.catalina.core.ApplicationFilterChain.internalDoFilter(ApplicationFilterChain.java:193)
	at org.apache.catalina.core.ApplicationFilterChain.doFilter(ApplicationFilterChain.java:166)
	at org.apache.shiro.web.servlet.ProxiedFilterChain.doFilter(ProxiedFilterChain.java:61)
	at org.apache.shiro.web.servlet.AdviceFilter.executeChain(AdviceFilter.java:108)
	at org.apache.shiro.web.servlet.AdviceFilter.doFilterInternal(AdviceFilter.java:137)
	at org.apache.shiro.web.servlet.OncePerRequestFilter.doFilter(OncePerRequestFilter.java:125)
	at org.apache.shiro.web.servlet.ProxiedFilterChain.doFilter(ProxiedFilterChain.java:66)
	at org.apache.shiro.web.servlet.AbstractShiroFilter.executeChain(AbstractShiroFilter.java:449)
	at org.apache.shiro.web.servlet.AbstractShiroFilter$1.call(AbstractShiroFilter.java:365)
	at org.apache.shiro.subject.support.SubjectCallable.doCall(SubjectCallable.java:90)
	at org.apache.shiro.subject.support.SubjectCallable.call(SubjectCallable.java:83)
	at org.apache.shiro.subject.support.DelegatingSubject.execute(DelegatingSubject.java:387)
	at org.apache.shiro.web.servlet.AbstractShiroFilter.doFilterInternal(AbstractShiroFilter.java:362)
	at org.apache.shiro.web.servlet.OncePerRequestFilter.doFilter(OncePerRequestFilter.java:125)
	at org.apache.catalina.core.ApplicationFilterChain.internalDoFilter(ApplicationFilterChain.java:193)
	at org.apache.catalina.core.ApplicationFilterChain.doFilter(ApplicationFilterChain.java:166)
	at com.alibaba.druid.support.http.WebStatFilter.doFilter(WebStatFilter.java:123)
	at org.apache.catalina.core.ApplicationFilterChain.internalDoFilter(ApplicationFilterChain.java:193)
	at org.apache.catalina.core.ApplicationFilterChain.doFilter(ApplicationFilterChain.java:166)
	at org.springframework.web.filter.RequestContextFilter.doFilterInternal(RequestContextFilter.java:99)
	at org.springframework.web.filter.OncePerRequestFilter.doFilter(OncePerRequestFilter.java:107)
	at org.apache.catalina.core.ApplicationFilterChain.internalDoFilter(ApplicationFilterChain.java:193)
	at org.apache.catalina.core.ApplicationFilterChain.doFilter(ApplicationFilterChain.java:166)
	at org.springframework.web.filter.HttpPutFormContentFilter.doFilterInternal(HttpPutFormContentFilter.java:108)
	at org.springframework.web.filter.OncePerRequestFilter.doFilter(OncePerRequestFilter.java:107)
	at org.apache.catalina.core.ApplicationFilterChain.internalDoFilter(ApplicationFilterChain.java:193)
	at org.apache.catalina.core.ApplicationFilterChain.doFilter(ApplicationFilterChain.java:166)
	at org.springframework.web.filter.HiddenHttpMethodFilter.doFilterInternal(HiddenHttpMethodFilter.java:81)
	at org.springframework.web.filter.OncePerRequestFilter.doFilter(OncePerRequestFilter.java:107)
	at org.apache.catalina.core.ApplicationFilterChain.internalDoFilter(ApplicationFilterChain.java:193)
	at org.apache.catalina.core.ApplicationFilterChain.doFilter(ApplicationFilterChain.java:166)
	at org.springframework.web.filter.CharacterEncodingFilter.doFilterInternal(CharacterEncodingFilter.java:197)
	at org.springframework.web.filter.OncePerRequestFilter.doFilter(OncePerRequestFilter.java:107)
	at org.apache.catalina.core.ApplicationFilterChain.internalDoFilter(ApplicationFilterChain.java:193)
	at org.apache.catalina.core.ApplicationFilterChain.doFilter(ApplicationFilterChain.java:166)
	at org.apache.catalina.core.StandardWrapperValve.invoke(StandardWrapperValve.java:199)
	at org.apache.catalina.core.StandardContextValve.invoke(StandardContextValve.java:96)
	at org.apache.catalina.authenticator.AuthenticatorBase.invoke(AuthenticatorBase.java:478)
	at org.apache.catalina.core.StandardHostValve.invoke(StandardHostValve.java:140)
	at org.apache.catalina.valves.ErrorReportValve.invoke(ErrorReportValve.java:81)
	at org.apache.catalina.core.StandardEngineValve.invoke(StandardEngineValve.java:87)
	at org.apache.catalina.connector.CoyoteAdapter.service(CoyoteAdapter.java:342)
	at org.apache.coyote.http11.Http11Processor.service(Http11Processor.java:803)
	at org.apache.coyote.AbstractProcessorLight.process(AbstractProcessorLight.java:66)
	at org.apache.coyote.AbstractProtocol$ConnectionHandler.process(AbstractProtocol.java:868)
	at org.apache.tomcat.util.net.NioEndpoint$SocketProcessor.doRun(NioEndpoint.java:1459)
	at org.apache.tomcat.util.net.SocketProcessorBase.run(SocketProcessorBase.java:49)
	at java.util.concurrent.ThreadPoolExecutor.runWorker(ThreadPoolExecutor.java:1149)
	at java.util.concurrent.ThreadPoolExecutor$Worker.run(ThreadPoolExecutor.java:624)
	at org.apache.tomcat.util.threads.TaskThread$WrappingRunnable.run(TaskThread.java:61)
	at java.lang.Thread.run(Thread.java:748)
Caused by: org.apache.ibatis.exceptions.PersistenceException: 
### Error querying database.  Cause: org.springframework.jdbc.CannotGetJdbcConnectionException: Could not get JDBC Connection; nested exception is com.mysql.jdbc.exceptions.jdbc4.CommunicationsException: Communications link failure

The last packet sent successfully to the server was 0 milliseconds ago. The driver has not received any packets from the server.
### The error may exist in cn/edu/nju/software/mapper/UserMapper.java (best guess)
### The error may involve cn.edu.nju.software.mapper.UserMapper.selectOne
### The error occurred while executing a query
### Cause: org.springframework.jdbc.CannotGetJdbcConnectionException: Could not get JDBC Connection; nested exception is com.mysql.jdbc.exceptions.jdbc4.CommunicationsException: Communications link failure

The last packet sent successfully to the server was 0 milliseconds ago. The driver has not received any packets from the server.
	at org.apache.ibatis.exceptions.ExceptionFactory.wrapException(ExceptionFactory.java:30)
	at org.apache.ibatis.session.defaults.DefaultSqlSession.selectList(DefaultSqlSession.java:150)
	at org.apache.ibatis.session.defaults.DefaultSqlSession.selectList(DefaultSqlSession.java:141)
	at org.apache.ibatis.session.defaults.DefaultSqlSession.selectOne(DefaultSqlSession.java:77)
	at sun.reflect.NativeMethodAccessorImpl.invoke0(Native Method)
	at sun.reflect.NativeMethodAccessorImpl.invoke(NativeMethodAccessorImpl.java:62)
	at sun.reflect.DelegatingMethodAccessorImpl.invoke(DelegatingMethodAccessorImpl.java:43)
	at java.lang.reflect.Method.invoke(Method.java:498)
	at org.mybatis.spring.SqlSessionTemplate$SqlSessionInterceptor.invoke(SqlSessionTemplate.java:433)
	... 119 common frames omitted
Caused by: org.springframework.jdbc.CannotGetJdbcConnectionException: Could not get JDBC Connection; nested exception is com.mysql.jdbc.exceptions.jdbc4.CommunicationsException: Communications link failure

The last packet sent successfully to the server was 0 milliseconds ago. The driver has not received any packets from the server.
	at org.springframework.jdbc.datasource.DataSourceUtils.getConnection(DataSourceUtils.java:80)
	at org.mybatis.spring.transaction.SpringManagedTransaction.openConnection(SpringManagedTransaction.java:82)
	at org.mybatis.spring.transaction.SpringManagedTransaction.getConnection(SpringManagedTransaction.java:68)
	at org.apache.ibatis.executor.BaseExecutor.getConnection(BaseExecutor.java:338)
	at org.apache.ibatis.executor.SimpleExecutor.prepareStatement(SimpleExecutor.java:84)
	at org.apache.ibatis.executor.SimpleExecutor.doQuery(SimpleExecutor.java:62)
	at org.apache.ibatis.executor.BaseExecutor.queryFromDatabase(BaseExecutor.java:326)
	at org.apache.ibatis.executor.BaseExecutor.query(BaseExecutor.java:156)
	at org.apache.ibatis.executor.CachingExecutor.query(CachingExecutor.java:109)
	at org.apache.ibatis.executor.CachingExecutor.query(CachingExecutor.java:83)
	at org.apache.ibatis.session.defaults.DefaultSqlSession.selectList(DefaultSqlSession.java:148)
	... 126 common frames omitted
Caused by: com.mysql.jdbc.exceptions.jdbc4.CommunicationsException: Communications link failure

The last packet sent successfully to the server was 0 milliseconds ago. The driver has not received any packets from the server.
	at sun.reflect.NativeConstructorAccessorImpl.newInstance0(Native Method)
	at sun.reflect.NativeConstructorAccessorImpl.newInstance(NativeConstructorAccessorImpl.java:62)
	at sun.reflect.DelegatingConstructorAccessorImpl.newInstance(DelegatingConstructorAccessorImpl.java:45)
	at java.lang.reflect.Constructor.newInstance(Constructor.java:423)
	at com.mysql.jdbc.Util.handleNewInstance(Util.java:425)
	at com.mysql.jdbc.SQLError.createCommunicationsException(SQLError.java:989)
	at com.mysql.jdbc.MysqlIO.<init>(MysqlIO.java:341)
	at com.mysql.jdbc.ConnectionImpl.coreConnect(ConnectionImpl.java:2189)
	at com.mysql.jdbc.ConnectionImpl.connectOneTryOnly(ConnectionImpl.java:2222)
	at com.mysql.jdbc.ConnectionImpl.createNewIO(ConnectionImpl.java:2017)
	at com.mysql.jdbc.ConnectionImpl.<init>(ConnectionImpl.java:779)
	at com.mysql.jdbc.JDBC4Connection.<init>(JDBC4Connection.java:47)
	at sun.reflect.NativeConstructorAccessorImpl.newInstance0(Native Method)
	at sun.reflect.NativeConstructorAccessorImpl.newInstance(NativeConstructorAccessorImpl.java:62)
	at sun.reflect.DelegatingConstructorAccessorImpl.newInstance(DelegatingConstructorAccessorImpl.java:45)
	at java.lang.reflect.Constructor.newInstance(Constructor.java:423)
	at com.mysql.jdbc.Util.handleNewInstance(Util.java:425)
	at com.mysql.jdbc.ConnectionImpl.getInstance(ConnectionImpl.java:389)
	at com.mysql.jdbc.NonRegisteringDriver.connect(NonRegisteringDriver.java:330)
	at com.alibaba.druid.filter.FilterChainImpl.connection_connect(FilterChainImpl.java:149)
	at com.alibaba.druid.filter.stat.StatFilter.connection_connect(StatFilter.java:218)
	at com.alibaba.druid.filter.FilterChainImpl.connection_connect(FilterChainImpl.java:143)
	at com.alibaba.druid.pool.DruidAbstractDataSource.createPhysicalConnection(DruidAbstractDataSource.java:1515)
	at com.alibaba.druid.pool.DruidAbstractDataSource.createPhysicalConnection(DruidAbstractDataSource.java:1578)
	at com.alibaba.druid.pool.DruidDataSource.init(DruidDataSource.java:859)
	at com.alibaba.druid.pool.DruidDataSource.getConnection(DruidDataSource.java:1227)
	at com.alibaba.druid.pool.DruidDataSource.getConnection(DruidDataSource.java:1223)
	at com.alibaba.druid.pool.DruidDataSource.getConnection(DruidDataSource.java:90)
	at org.springframework.jdbc.datasource.DataSourceUtils.doGetConnection(DataSourceUtils.java:111)
	at org.springframework.jdbc.datasource.DataSourceUtils.getConnection(DataSourceUtils.java:77)
	... 136 common frames omitted
Caused by: java.net.ConnectException: Operation timed out (Connection timed out)
	at java.net.PlainSocketImpl.socketConnect(Native Method)
	at java.net.AbstractPlainSocketImpl.doConnect(AbstractPlainSocketImpl.java:350)
	at java.net.AbstractPlainSocketImpl.connectToAddress(AbstractPlainSocketImpl.java:206)
	at java.net.AbstractPlainSocketImpl.connect(AbstractPlainSocketImpl.java:188)
	at java.net.SocksSocketImpl.connect(SocksSocketImpl.java:392)
	at java.net.Socket.connect(Socket.java:589)
	at com.mysql.jdbc.StandardSocketFactory.connect(StandardSocketFactory.java:211)
	at com.mysql.jdbc.MysqlIO.<init>(MysqlIO.java:300)
	... 159 common frames omitted
2018-04-16 14:07:26.284 [http-nio-8080-exec-8] INFO  cn.edu.nju.software.common.aspect.HttpAspect 58 - response=Result{success=false, data=null, errorCode='-1', message=':class org.apache.shiro.authc.AuthenticationException', errorMessage='Authentication failed for token submission [org.apache.shiro.authc.UsernamePasswordToken - user03, rememberMe=false].  Possible unexpected error? (Typical or expected login exceptions should extend from AuthenticationException).', errorMessageList=null}
2018-04-16 14:07:29.252 [http-nio-8080-exec-1] DEBUG cn.edu.nju.software.mapper.UserMapper.selectOne 159 - ==>  Preparing: SELECT id,username,password,salt,mail,role_id,state FROM t_user WHERE username = ? 
2018-04-16 14:07:29.348 [http-nio-8080-exec-1] DEBUG cn.edu.nju.software.mapper.UserMapper.selectOne 159 - ==> Parameters: user03(String)
2018-04-16 14:07:29.611 [http-nio-8080-exec-1] DEBUG cn.edu.nju.software.mapper.UserMapper.selectOne 159 - <==      Total: 1
2018-04-16 14:07:29.616 [http-nio-8080-exec-6] DEBUG cn.edu.nju.software.mapper.UserMapper.selectOne 159 - ==>  Preparing: SELECT id,username,password,salt,mail,role_id,state FROM t_user WHERE username = ? 
2018-04-16 14:07:29.617 [http-nio-8080-exec-6] DEBUG cn.edu.nju.software.mapper.UserMapper.selectOne 159 - ==> Parameters: user03(String)
2018-04-16 14:07:29.725 [http-nio-8080-exec-1] INFO  cn.edu.nju.software.common.aspect.HttpAspect 58 - response=Result{success=true, data=ShiroUser{id=5, username='user03', mail='123456700089@mail.com', roleName='null', roleType=2, state=1}, errorCode='', message='', errorMessage='', errorMessageList=null}
2018-04-16 14:07:29.757 [http-nio-8080-exec-5] INFO  cn.edu.nju.software.common.aspect.HttpAspect 36 - url=http://localhost:8080/
2018-04-16 14:07:29.758 [http-nio-8080-exec-5] INFO  cn.edu.nju.software.common.aspect.HttpAspect 40 - ip=0:0:0:0:0:0:0:1
2018-04-16 14:07:29.773 [http-nio-8080-exec-5] INFO  cn.edu.nju.software.common.aspect.HttpAspect 58 - response=home
2018-04-16 14:07:29.819 [http-nio-8080-exec-6] DEBUG cn.edu.nju.software.mapper.UserMapper.selectOne 159 - <==      Total: 1
2018-04-16 14:07:29.821 [http-nio-8080-exec-4] DEBUG cn.edu.nju.software.mapper.UserMapper.selectOne 159 - ==>  Preparing: SELECT id,username,password,salt,mail,role_id,state FROM t_user WHERE username = ? 
2018-04-16 14:07:29.823 [http-nio-8080-exec-4] DEBUG cn.edu.nju.software.mapper.UserMapper.selectOne 159 - ==> Parameters: user03(String)
2018-04-16 14:07:29.825 [http-nio-8080-exec-6] INFO  cn.edu.nju.software.common.aspect.HttpAspect 58 - response=Result{success=true, data=ShiroUser{id=5, username='user03', mail='123456700089@mail.com', roleName='null', roleType=2, state=1}, errorCode='', message='', errorMessage='', errorMessageList=null}
2018-04-16 14:07:30.021 [http-nio-8080-exec-4] DEBUG cn.edu.nju.software.mapper.UserMapper.selectOne 159 - <==      Total: 1
2018-04-16 14:07:30.024 [http-nio-8080-exec-4] INFO  cn.edu.nju.software.common.aspect.HttpAspect 58 - response=Result{success=true, data=ShiroUser{id=5, username='user03', mail='123456700089@mail.com', roleName='null', roleType=2, state=1}, errorCode='', message='', errorMessage='', errorMessageList=null}
2018-04-16 14:07:33.053 [Thread-8] INFO  o.s.b.c.e.AnnotationConfigEmbeddedWebApplicationContext 984 - Closing org.springframework.boot.context.embedded.AnnotationConfigEmbeddedWebApplicationContext@3b507315: startup date [Mon Apr 16 14:05:11 CST 2018]; root of context hierarchy
2018-04-16 14:07:33.057 [Thread-8] INFO  o.s.jmx.export.annotation.AnnotationMBeanExporter 449 - Unregistering JMX-exposed beans on shutdown
2018-04-16 14:07:33.059 [Thread-8] INFO  o.s.jmx.export.annotation.AnnotationMBeanExporter 241 - Unregistering JMX-exposed beans
2018-04-16 14:07:33.077 [Thread-8] INFO  com.alibaba.druid.pool.DruidDataSource 1823 - {dataSource-1} closed
2018-04-16 14:08:50.041 [restartedMain] INFO  cn.edu.nju.software.MainApplication 48 - Starting MainApplication on HermitdeMacbook-Air.local with PID 1324 (/Users/Hermit/Desktop/GitProjects/AiPlatform/FacadePlatform/target/classes started by Hermit in /Users/Hermit/Desktop/GitProjects/AiPlatform/FacadePlatform)
2018-04-16 14:08:50.055 [restartedMain] DEBUG cn.edu.nju.software.MainApplication 51 - Running with Spring Boot v1.5.8.RELEASE, Spring v4.3.12.RELEASE
2018-04-16 14:08:50.056 [restartedMain] INFO  cn.edu.nju.software.MainApplication 597 - The following profiles are active: dev
2018-04-16 14:08:50.674 [background-preinit] INFO  org.hibernate.validator.internal.util.Version 30 - HV000001: Hibernate Validator 5.3.5.Final
2018-04-16 14:08:51.037 [restartedMain] INFO  o.s.b.c.e.AnnotationConfigEmbeddedWebApplicationContext 583 - Refreshing org.springframework.boot.context.embedded.AnnotationConfigEmbeddedWebApplicationContext@4eface78: startup date [Mon Apr 16 14:08:51 CST 2018]; root of context hierarchy
2018-04-16 14:08:53.028 [restartedMain] WARN  tk.mybatis.spring.mapper.ClassPathMapperScanner 225 - Skipping MapperFactoryBean with name 'userMapper' and 'cn.edu.nju.software.mapper.UserMapper' mapperInterface. Bean already defined with the same name!
2018-04-16 14:08:53.029 [restartedMain] WARN  tk.mybatis.spring.mapper.ClassPathMapperScanner 142 - No MyBatis mapper was found in '[cn.edu.nju.software]' package. Please check your configuration.
2018-04-16 14:08:53.836 [restartedMain] INFO  o.s.c.s.PostProcessorRegistrationDelegate$BeanPostProcessorChecker 327 - Bean 'org.springframework.transaction.annotation.ProxyTransactionManagementConfiguration' of type [org.springframework.transaction.annotation.ProxyTransactionManagementConfiguration$$EnhancerBySpringCGLIB$$3d289bed] is not eligible for getting processed by all BeanPostProcessors (for example: not eligible for auto-proxying)
2018-04-16 14:08:54.378 [restartedMain] INFO  o.s.c.s.PostProcessorRegistrationDelegate$BeanPostProcessorChecker 327 - Bean 'shiroConfig' of type [cn.edu.nju.software.common.shiro.ShiroConfig$$EnhancerBySpringCGLIB$$e921133c] is not eligible for getting processed by all BeanPostProcessors (for example: not eligible for auto-proxying)
2018-04-16 14:08:55.492 [restartedMain] INFO  o.s.c.s.PostProcessorRegistrationDelegate$BeanPostProcessorChecker 327 - Bean 'mybatis-tk.mybatis.mapper.autoconfigure.MybatisProperties' of type [tk.mybatis.mapper.autoconfigure.MybatisProperties] is not eligible for getting processed by all BeanPostProcessors (for example: not eligible for auto-proxying)
2018-04-16 14:08:55.511 [restartedMain] INFO  o.s.c.s.PostProcessorRegistrationDelegate$BeanPostProcessorChecker 327 - Bean 'tk.mybatis.mapper.autoconfigure.MapperAutoConfiguration' of type [tk.mybatis.mapper.autoconfigure.MapperAutoConfiguration$$EnhancerBySpringCGLIB$$f3194386] is not eligible for getting processed by all BeanPostProcessors (for example: not eligible for auto-proxying)
2018-04-16 14:08:55.535 [restartedMain] INFO  o.s.c.s.PostProcessorRegistrationDelegate$BeanPostProcessorChecker 327 - Bean 'mainApplication' of type [cn.edu.nju.software.MainApplication$$EnhancerBySpringCGLIB$$d0886932] is not eligible for getting processed by all BeanPostProcessors (for example: not eligible for auto-proxying)
2018-04-16 14:08:56.376 [restartedMain] INFO  o.s.c.s.PostProcessorRegistrationDelegate$BeanPostProcessorChecker 327 - Bean 'datasource' of type [com.alibaba.druid.pool.DruidDataSource] is not eligible for getting processed by all BeanPostProcessors (for example: not eligible for auto-proxying)
2018-04-16 14:08:56.587 [restartedMain] INFO  o.s.c.s.PostProcessorRegistrationDelegate$BeanPostProcessorChecker 327 - Bean 'org.springframework.boot.autoconfigure.jdbc.DataSourceAutoConfiguration' of type [org.springframework.boot.autoconfigure.jdbc.DataSourceAutoConfiguration$$EnhancerBySpringCGLIB$$1f1c3f4d] is not eligible for getting processed by all BeanPostProcessors (for example: not eligible for auto-proxying)
2018-04-16 14:08:56.636 [restartedMain] INFO  o.s.c.s.PostProcessorRegistrationDelegate$BeanPostProcessorChecker 327 - Bean 'spring.datasource-org.springframework.boot.autoconfigure.jdbc.DataSourceProperties' of type [org.springframework.boot.autoconfigure.jdbc.DataSourceProperties] is not eligible for getting processed by all BeanPostProcessors (for example: not eligible for auto-proxying)
2018-04-16 14:08:56.676 [restartedMain] INFO  o.s.c.s.PostProcessorRegistrationDelegate$BeanPostProcessorChecker 327 - Bean 'dataSourceInitializer' of type [org.springframework.boot.autoconfigure.jdbc.DataSourceInitializer] is not eligible for getting processed by all BeanPostProcessors (for example: not eligible for auto-proxying)
2018-04-16 14:08:56.981 [restartedMain] INFO  o.s.c.s.PostProcessorRegistrationDelegate$BeanPostProcessorChecker 327 - Bean 'sqlSessionFactory' of type [org.apache.ibatis.session.defaults.DefaultSqlSessionFactory] is not eligible for getting processed by all BeanPostProcessors (for example: not eligible for auto-proxying)
2018-04-16 14:08:57.023 [restartedMain] INFO  o.s.c.s.PostProcessorRegistrationDelegate$BeanPostProcessorChecker 327 - Bean 'sqlSessionTemplate' of type [org.mybatis.spring.SqlSessionTemplate] is not eligible for getting processed by all BeanPostProcessors (for example: not eligible for auto-proxying)
2018-04-16 14:08:57.568 [restartedMain] INFO  o.s.c.s.PostProcessorRegistrationDelegate$BeanPostProcessorChecker 327 - Bean 'userMapper' of type [tk.mybatis.spring.mapper.MapperFactoryBean] is not eligible for getting processed by all BeanPostProcessors (for example: not eligible for auto-proxying)
2018-04-16 14:08:57.578 [restartedMain] INFO  o.s.c.s.PostProcessorRegistrationDelegate$BeanPostProcessorChecker 327 - Bean 'userMapper' of type [com.sun.proxy.$Proxy86] is not eligible for getting processed by all BeanPostProcessors (for example: not eligible for auto-proxying)
2018-04-16 14:08:57.618 [restartedMain] INFO  o.s.c.s.PostProcessorRegistrationDelegate$BeanPostProcessorChecker 327 - Bean 'accountService' of type [cn.edu.nju.software.service.AccountService] is not eligible for getting processed by all BeanPostProcessors (for example: not eligible for auto-proxying)
2018-04-16 14:08:57.641 [restartedMain] INFO  o.s.c.s.PostProcessorRegistrationDelegate$BeanPostProcessorChecker 327 - Bean 'authRealm' of type [cn.edu.nju.software.common.shiro.MyShiroRealm] is not eligible for getting processed by all BeanPostProcessors (for example: not eligible for auto-proxying)
2018-04-16 14:08:57.708 [restartedMain] INFO  o.s.c.s.PostProcessorRegistrationDelegate$BeanPostProcessorChecker 327 - Bean 'securityManager' of type [org.apache.shiro.web.mgt.DefaultWebSecurityManager] is not eligible for getting processed by all BeanPostProcessors (for example: not eligible for auto-proxying)
2018-04-16 14:08:58.609 [restartedMain] INFO  o.s.b.c.e.tomcat.TomcatEmbeddedServletContainer 89 - Tomcat initialized with port(s): 8080 (http)
2018-04-16 14:08:58.646 [restartedMain] INFO  org.apache.catalina.core.StandardService 179 - Starting service [Tomcat]
2018-04-16 14:08:58.652 [restartedMain] INFO  org.apache.catalina.core.StandardEngine 179 - Starting Servlet Engine: Apache Tomcat/8.5.23
2018-04-16 14:08:58.902 [localhost-startStop-1] INFO  o.a.c.core.ContainerBase.[Tomcat].[localhost].[/] 179 - Initializing Spring embedded WebApplicationContext
2018-04-16 14:08:58.902 [localhost-startStop-1] INFO  org.springframework.web.context.ContextLoader 276 - Root WebApplicationContext: initialization completed in 7866 ms
2018-04-16 14:08:59.403 [localhost-startStop-1] INFO  o.s.boot.web.servlet.ServletRegistrationBean 190 - Mapping servlet: 'statViewServlet' to [/druid/*]
2018-04-16 14:08:59.407 [localhost-startStop-1] INFO  o.s.boot.web.servlet.ServletRegistrationBean 190 - Mapping servlet: 'dispatcherServlet' to [/]
2018-04-16 14:08:59.414 [localhost-startStop-1] INFO  o.s.boot.web.servlet.FilterRegistrationBean 258 - Mapping filter: 'characterEncodingFilter' to: [/*]
2018-04-16 14:08:59.415 [localhost-startStop-1] INFO  o.s.boot.web.servlet.FilterRegistrationBean 258 - Mapping filter: 'hiddenHttpMethodFilter' to: [/*]
2018-04-16 14:08:59.416 [localhost-startStop-1] INFO  o.s.boot.web.servlet.FilterRegistrationBean 258 - Mapping filter: 'httpPutFormContentFilter' to: [/*]
2018-04-16 14:08:59.416 [localhost-startStop-1] INFO  o.s.boot.web.servlet.FilterRegistrationBean 258 - Mapping filter: 'requestContextFilter' to: [/*]
2018-04-16 14:08:59.417 [localhost-startStop-1] INFO  o.s.boot.web.servlet.FilterRegistrationBean 271 - Mapping filter: 'webStatFilter' to urls: [/*]
2018-04-16 14:08:59.417 [localhost-startStop-1] INFO  o.s.boot.web.servlet.FilterRegistrationBean 258 - Mapping filter: 'shiroFilter' to: [/*]
2018-04-16 14:09:00.492 [restartedMain] INFO  o.s.w.s.m.m.a.RequestMappingHandlerAdapter 534 - Looking for @ControllerAdvice: org.springframework.boot.context.embedded.AnnotationConfigEmbeddedWebApplicationContext@4eface78: startup date [Mon Apr 16 14:08:51 CST 2018]; root of context hierarchy
2018-04-16 14:09:00.690 [restartedMain] INFO  o.s.w.s.m.m.a.RequestMappingHandlerMapping 543 - Mapped "{[/currentUser],methods=[GET]}" onto public cn.edu.nju.software.common.result.Result cn.edu.nju.software.controller.AccountController.currentUser()
2018-04-16 14:09:00.694 [restartedMain] INFO  o.s.w.s.m.m.a.RequestMappingHandlerMapping 543 - Mapped "{[/upload/video],methods=[POST]}" onto public cn.edu.nju.software.common.result.Result cn.edu.nju.software.controller.FileUploadController.uploadVideo(org.springframework.web.multipart.MultipartFile,javax.servlet.http.HttpServletRequest)
2018-04-16 14:09:00.695 [restartedMain] INFO  o.s.w.s.m.m.a.RequestMappingHandlerMapping 543 - Mapped "{[/upload/image/content],methods=[POST]}" onto public cn.edu.nju.software.common.result.Result cn.edu.nju.software.controller.FileUploadController.uploadContentImage(org.springframework.web.multipart.MultipartFile,javax.servlet.http.HttpServletRequest)
2018-04-16 14:09:00.696 [restartedMain] INFO  o.s.w.s.m.m.a.RequestMappingHandlerMapping 543 - Mapped "{[/upload/image/style],methods=[POST]}" onto public cn.edu.nju.software.common.result.Result cn.edu.nju.software.controller.FileUploadController.uploadStyleImage(org.springframework.web.multipart.MultipartFile,javax.servlet.http.HttpServletRequest)
2018-04-16 14:09:00.696 [restartedMain] INFO  o.s.w.s.m.m.a.RequestMappingHandlerMapping 543 - Mapped "{[/],methods=[GET]}" onto public java.lang.String cn.edu.nju.software.controller.HomePageController.toHome()
2018-04-16 14:09:00.698 [restartedMain] INFO  o.s.w.s.m.m.a.RequestMappingHandlerMapping 543 - Mapped "{[/logout],methods=[POST]}" onto public cn.edu.nju.software.common.result.Result cn.edu.nju.software.controller.LoginController.logout()
2018-04-16 14:09:00.699 [restartedMain] INFO  o.s.w.s.m.m.a.RequestMappingHandlerMapping 543 - Mapped "{[/login],methods=[POST],consumes=[application/json]}" onto public cn.edu.nju.software.common.result.Result cn.edu.nju.software.controller.LoginController.login(cn.edu.nju.software.command.LoginCommand)
2018-04-16 14:09:00.701 [restartedMain] INFO  o.s.w.s.m.m.a.RequestMappingHandlerMapping 543 - Mapped "{[/login],methods=[GET]}" onto public java.lang.String cn.edu.nju.software.controller.LoginPageController.toLogin()
2018-04-16 14:09:00.702 [restartedMain] INFO  o.s.w.s.m.m.a.RequestMappingHandlerMapping 543 - Mapped "{[/register],methods=[POST]}" onto public cn.edu.nju.software.common.result.Result cn.edu.nju.software.controller.RegisterController.register(cn.edu.nju.software.command.RegisterCommand)
2018-04-16 14:09:00.703 [restartedMain] INFO  o.s.w.s.m.m.a.RequestMappingHandlerMapping 543 - Mapped "{[/register],methods=[GET]}" onto public java.lang.String cn.edu.nju.software.controller.RegisterPageController.toRegister()
2018-04-16 14:09:00.705 [restartedMain] INFO  o.s.w.s.m.m.a.RequestMappingHandlerMapping 543 - Mapped "{[/test/one],methods=[GET]}" onto public cn.edu.nju.software.entity.TestEntity cn.edu.nju.software.controller.TestController.get()
2018-04-16 14:09:00.706 [restartedMain] INFO  o.s.w.s.m.m.a.RequestMappingHandlerMapping 543 - Mapped "{[/test/error],methods=[GET]}" onto public cn.edu.nju.software.common.result.Result cn.edu.nju.software.controller.TestController.getError()
2018-04-16 14:09:00.707 [restartedMain] INFO  o.s.w.s.m.m.a.RequestMappingHandlerMapping 543 - Mapped "{[/test/list],methods=[GET]}" onto public java.util.List<cn.edu.nju.software.entity.TestEntity> cn.edu.nju.software.controller.TestController.getList()
2018-04-16 14:09:00.713 [restartedMain] INFO  o.s.w.s.m.m.a.RequestMappingHandlerMapping 543 - Mapped "{[/error]}" onto public org.springframework.http.ResponseEntity<java.util.Map<java.lang.String, java.lang.Object>> org.springframework.boot.autoconfigure.web.BasicErrorController.error(javax.servlet.http.HttpServletRequest)
2018-04-16 14:09:00.714 [restartedMain] INFO  o.s.w.s.m.m.a.RequestMappingHandlerMapping 543 - Mapped "{[/error],produces=[text/html]}" onto public org.springframework.web.servlet.ModelAndView org.springframework.boot.autoconfigure.web.BasicErrorController.errorHtml(javax.servlet.http.HttpServletRequest,javax.servlet.http.HttpServletResponse)
2018-04-16 14:09:00.814 [restartedMain] INFO  o.s.web.servlet.handler.SimpleUrlHandlerMapping 362 - Mapped URL path [/webjars/**] onto handler of type [class org.springframework.web.servlet.resource.ResourceHttpRequestHandler]
2018-04-16 14:09:00.814 [restartedMain] INFO  o.s.web.servlet.handler.SimpleUrlHandlerMapping 362 - Mapped URL path [/static/**] onto handler of type [class org.springframework.web.servlet.resource.ResourceHttpRequestHandler]
2018-04-16 14:09:00.850 [restartedMain] INFO  o.s.w.s.m.m.a.ExceptionHandlerExceptionResolver 273 - Detected @ExceptionHandler methods in exceptionHandle
2018-04-16 14:09:00.908 [restartedMain] INFO  o.s.web.servlet.handler.SimpleUrlHandlerMapping 362 - Mapped URL path [/**/favicon.ico] onto handler of type [class org.springframework.web.servlet.resource.ResourceHttpRequestHandler]
2018-04-16 14:09:02.166 [restartedMain] INFO  o.s.b.d.autoconfigure.OptionalLiveReloadServer 58 - LiveReload server is running on port 35729
2018-04-16 14:09:02.272 [restartedMain] INFO  o.s.jmx.export.annotation.AnnotationMBeanExporter 431 - Registering beans for JMX exposure on startup
2018-04-16 14:09:02.273 [restartedMain] INFO  o.s.jmx.export.annotation.AnnotationMBeanExporter 916 - Bean with name 'datasource' has been autodetected for JMX exposure
2018-04-16 14:09:02.283 [restartedMain] INFO  o.s.jmx.export.annotation.AnnotationMBeanExporter 671 - Located MBean 'datasource': registering with JMX server as MBean [com.alibaba.druid.pool:name=datasource,type=DruidDataSource]
2018-04-16 14:09:02.320 [restartedMain] INFO  org.apache.coyote.http11.Http11NioProtocol 179 - Initializing ProtocolHandler ["http-nio-8080"]
2018-04-16 14:09:02.341 [restartedMain] INFO  org.apache.coyote.http11.Http11NioProtocol 179 - Starting ProtocolHandler ["http-nio-8080"]
2018-04-16 14:09:02.377 [restartedMain] INFO  org.apache.tomcat.util.net.NioSelectorPool 179 - Using a shared selector for servlet write/read
2018-04-16 14:09:02.439 [restartedMain] INFO  o.s.b.c.e.tomcat.TomcatEmbeddedServletContainer 201 - Tomcat started on port(s): 8080 (http)
2018-04-16 14:09:02.447 [restartedMain] INFO  cn.edu.nju.software.MainApplication 57 - Started MainApplication in 13.796 seconds (JVM running for 15.665)
2018-04-16 14:09:16.556 [http-nio-8080-exec-1] INFO  o.a.c.core.ContainerBase.[Tomcat].[localhost].[/] 179 - Initializing Spring FrameworkServlet 'dispatcherServlet'
2018-04-16 14:09:16.559 [http-nio-8080-exec-1] INFO  org.springframework.web.servlet.DispatcherServlet 489 - FrameworkServlet 'dispatcherServlet': initialization started
2018-04-16 14:09:16.616 [http-nio-8080-exec-1] INFO  org.springframework.web.servlet.DispatcherServlet 508 - FrameworkServlet 'dispatcherServlet': initialization completed in 57 ms
2018-04-16 14:09:16.728 [http-nio-8080-exec-1] INFO  cn.edu.nju.software.common.aspect.HttpAspect 36 - url=http://localhost:8080/login
2018-04-16 14:09:16.729 [http-nio-8080-exec-1] INFO  cn.edu.nju.software.common.aspect.HttpAspect 40 - ip=0:0:0:0:0:0:0:1
2018-04-16 14:09:16.738 [http-nio-8080-exec-1] INFO  cn.edu.nju.software.common.aspect.HttpAspect 58 - response=login
2018-04-16 14:09:16.806 [http-nio-8080-exec-1] INFO  org.thymeleaf.TemplateEngine 825 - [THYMELEAF] INITIALIZING TEMPLATE ENGINE
2018-04-16 14:09:16.960 [http-nio-8080-exec-1] INFO  o.t.templateresolver.AbstractTemplateResolver 99 - [THYMELEAF] INITIALIZING TEMPLATE RESOLVER: org.thymeleaf.spring4.templateresolver.SpringResourceTemplateResolver
2018-04-16 14:09:16.961 [http-nio-8080-exec-1] INFO  o.t.templateresolver.AbstractTemplateResolver 110 - [THYMELEAF] TEMPLATE RESOLVER INITIALIZED OK
2018-04-16 14:09:16.961 [http-nio-8080-exec-1] INFO  o.t.messageresolver.AbstractMessageResolver 72 - [THYMELEAF] INITIALIZING MESSAGE RESOLVER: org.thymeleaf.spring4.messageresolver.SpringMessageResolver
2018-04-16 14:09:16.962 [http-nio-8080-exec-1] INFO  o.t.messageresolver.AbstractMessageResolver 78 - [THYMELEAF] MESSAGE RESOLVER INITIALIZED OK
2018-04-16 14:09:16.972 [http-nio-8080-exec-1] INFO  org.thymeleaf.TemplateEngine.CONFIG 123 - [THYMELEAF] TEMPLATE ENGINE CONFIGURATION:
[THYMELEAF] * Cache Factory implementation: org.thymeleaf.cache.StandardCacheManager
[THYMELEAF] * Template modes:
[THYMELEAF]     * VALIDXHTML
[THYMELEAF]     * XHTML
[THYMELEAF]     * LEGACYHTML5
[THYMELEAF]     * XML
[THYMELEAF]     * VALIDXML
[THYMELEAF]     * HTML5
[THYMELEAF] * Template resolvers (in order):
[THYMELEAF]     * org.thymeleaf.spring4.templateresolver.SpringResourceTemplateResolver
[THYMELEAF] * Message resolvers (in order):
[THYMELEAF]     * org.thymeleaf.spring4.messageresolver.SpringMessageResolver
[THYMELEAF] * Dialect [1 of 2]: org.thymeleaf.spring4.dialect.SpringStandardDialect
[THYMELEAF]     * Prefix: "th"
[THYMELEAF] * Dialect [2 of 2]: nz.net.ultraq.thymeleaf.LayoutDialect
[THYMELEAF]     * Prefix: "layout"
[THYMELEAF] TEMPLATE ENGINE CONFIGURED OK
2018-04-16 14:09:16.973 [http-nio-8080-exec-1] INFO  org.thymeleaf.TemplateEngine 838 - [THYMELEAF] TEMPLATE ENGINE INITIALIZED
2018-04-16 14:09:17.232 [http-nio-8080-exec-4] INFO  cn.edu.nju.software.common.aspect.HttpAspect 36 - url=http://localhost:8080/login.jsp
2018-04-16 14:09:17.232 [http-nio-8080-exec-5] INFO  cn.edu.nju.software.common.aspect.HttpAspect 36 - url=http://localhost:8080/login.jsp
2018-04-16 14:09:17.233 [http-nio-8080-exec-5] INFO  cn.edu.nju.software.common.aspect.HttpAspect 40 - ip=0:0:0:0:0:0:0:1
2018-04-16 14:09:17.234 [http-nio-8080-exec-5] INFO  cn.edu.nju.software.common.aspect.HttpAspect 58 - response=login
2018-04-16 14:09:17.233 [http-nio-8080-exec-4] INFO  cn.edu.nju.software.common.aspect.HttpAspect 40 - ip=0:0:0:0:0:0:0:1
2018-04-16 14:09:17.236 [http-nio-8080-exec-4] INFO  cn.edu.nju.software.common.aspect.HttpAspect 58 - response=login
2018-04-16 14:09:26.227 [http-nio-8080-exec-1] INFO  cn.edu.nju.software.common.aspect.HttpAspect 36 - url=http://localhost:8080/login
2018-04-16 14:09:26.229 [http-nio-8080-exec-1] INFO  cn.edu.nju.software.common.aspect.HttpAspect 40 - ip=0:0:0:0:0:0:0:1
2018-04-16 14:09:29.425 [http-nio-8080-exec-1] INFO  com.alibaba.druid.pool.DruidDataSource 928 - {dataSource-1} inited
2018-04-16 14:09:29.447 [http-nio-8080-exec-1] DEBUG cn.edu.nju.software.mapper.UserMapper.selectOne 159 - ==>  Preparing: SELECT id,username,password,salt,mail,role_id,state FROM t_user WHERE username = ? 
2018-04-16 14:09:29.492 [http-nio-8080-exec-1] DEBUG cn.edu.nju.software.mapper.UserMapper.selectOne 159 - ==> Parameters: user03(String)
2018-04-16 14:09:29.743 [http-nio-8080-exec-1] DEBUG cn.edu.nju.software.mapper.UserMapper.selectOne 159 - <==      Total: 1
2018-04-16 14:09:29.844 [http-nio-8080-exec-1] INFO  cn.edu.nju.software.common.aspect.HttpAspect 58 - response=Result{success=true, data=ShiroUser{id=5, username='user03', mail='123456700089@mail.com', roleName='null', roleType=2, state=1}, errorCode='', message='', errorMessage='', errorMessageList=null}
2018-04-16 14:09:29.916 [http-nio-8080-exec-2] INFO  cn.edu.nju.software.common.aspect.HttpAspect 36 - url=http://localhost:8080/
2018-04-16 14:09:29.917 [http-nio-8080-exec-2] INFO  cn.edu.nju.software.common.aspect.HttpAspect 40 - ip=0:0:0:0:0:0:0:1
2018-04-16 14:09:29.927 [http-nio-8080-exec-2] INFO  cn.edu.nju.software.common.aspect.HttpAspect 58 - response=home
